This is pdfTeX, Version 3.14159265-2.6-1.40.21 (TeX Live 2020) (preloaded format=pdflatex 2020.9.4)  14 SEP 2020 12:19
entering extended mode
 restricted \write18 enabled.
 %&-line parsing enabled.
**\nonstopmode \input ./Rd2.tex \input ./Rd2.tex \input ./Rd2.tex \input ./Rd2.
tex \input ./Rd2.tex
(./Rd2.tex
(/usr/local/texlive/2020basic/texmf-dist/tex/latex/base/book.cls
Document Class: book 2019/12/20 v1.4l Standard LaTeX document class
(/usr/local/texlive/2020basic/texmf-dist/tex/latex/base/bk10.clo
File: bk10.clo 2019/12/20 v1.4l Standard LaTeX file (size option)
)
\c@part=\count167
\c@chapter=\count168
\c@section=\count169
\c@subsection=\count170
\c@subsubsection=\count171
\c@paragraph=\count172
\c@subparagraph=\count173
\c@figure=\count174
\c@table=\count175
\abovecaptionskip=\skip47
\belowcaptionskip=\skip48
\bibindent=\dimen134
)
(/Library/Frameworks/R.framework/Resources/share/texmf/tex/latex/Rd.sty
Package: Rd 

(/usr/local/texlive/2020basic/texmf-dist/tex/latex/base/ifthen.sty
Package: ifthen 2014/09/29 v1.1c Standard LaTeX ifthen package (DPC)
)
(/usr/local/texlive/2020basic/texmf-dist/tex/latex/tools/longtable.sty
Package: longtable 2020/01/07 v4.13 Multi-page Table package (DPC)
\LTleft=\skip49
\LTright=\skip50
\LTpre=\skip51
\LTpost=\skip52
\LTchunksize=\count176
\LTcapwidth=\dimen135
\LT@head=\box45
\LT@firsthead=\box46
\LT@foot=\box47
\LT@lastfoot=\box48
\LT@cols=\count177
\LT@rows=\count178
\c@LT@tables=\count179
\c@LT@chunks=\count180
\LT@p@ftn=\toks15
)
(/usr/local/texlive/2020basic/texmf-dist/tex/latex/tools/bm.sty
Package: bm 2019/07/24 v1.2d Bold Symbol Support (DPC/FMi)
\symboldoperators=\mathgroup4
\symboldletters=\mathgroup5
\symboldsymbols=\mathgroup6
LaTeX Font Info:    Redeclaring math alphabet \mathbf on input line 141.
LaTeX Info: Redefining \bm on input line 209.
)
(/usr/local/texlive/2020basic/texmf-dist/tex/latex/base/alltt.sty
Package: alltt 1997/06/16 v2.0g defines alltt environment
)
(/usr/local/texlive/2020basic/texmf-dist/tex/latex/tools/verbatim.sty
Package: verbatim 2019/11/10 v1.5r LaTeX2e package for verbatim enhancements
\every@verbatim=\toks16
\verbatim@line=\toks17
\verbatim@in@stream=\read2
)
(/usr/local/texlive/2020basic/texmf-dist/tex/latex/url/url.sty
\Urlmuskip=\muskip16
Package: url 2013/09/16  ver 3.4  Verb mode for urls, etc.
)
(/usr/local/texlive/2020basic/texmf-dist/tex/latex/base/textcomp.sty
Package: textcomp 2020/02/02 v2.0n Standard LaTeX package
)
\ldescriptionwidth=\skip53

(/usr/local/texlive/2020basic/texmf-dist/tex/latex/base/fontenc.sty
Package: fontenc 2020/02/11 v2.0o Standard LaTeX package
)
(/usr/local/texlive/2020basic/texmf-dist/tex/latex/psnfss/times.sty
Package: times 2005/04/12 PSNFSS-v9.2a (SPQR) 
)
(/usr/local/texlive/2020basic/texmf-dist/tex/latex/inconsolata/zi4.sty
Package: zi4 2019/05/17 v1.12

`inconsolata-zi4' v1.12, 2019/05/17 Text macros for Inconsolata (msharpe)
(/usr/local/texlive/2020basic/texmf-dist/tex/latex/xkeyval/xkeyval.sty
Package: xkeyval 2014/12/03 v2.7a package option processing (HA)

(/usr/local/texlive/2020basic/texmf-dist/tex/generic/xkeyval/xkeyval.tex
(/usr/local/texlive/2020basic/texmf-dist/tex/generic/xkeyval/xkvutils.tex
\XKV@toks=\toks18
\XKV@tempa@toks=\toks19

(/usr/local/texlive/2020basic/texmf-dist/tex/generic/xkeyval/keyval.tex))
\XKV@depth=\count181
File: xkeyval.tex 2014/12/03 v2.7a key=value parser (HA)
))
\zifour@ocount=\count182
)
(/usr/local/texlive/2020basic/texmf-dist/tex/latex/graphics/color.sty
Package: color 2019/11/23 v1.2a Standard LaTeX Color (DPC)

(/usr/local/texlive/2020basic/texmf-dist/tex/latex/graphics-cfg/color.cfg
File: color.cfg 2016/01/02 v1.6 sample color configuration
)
Package color Info: Driver file: pdftex.def on input line 147.

(/usr/local/texlive/2020basic/texmf-dist/tex/latex/graphics-def/pdftex.def
File: pdftex.def 2018/01/08 v1.0l Graphics/color driver for pdftex
))
(/usr/local/texlive/2020basic/texmf-dist/tex/latex/hyperref/hyperref.sty
Package: hyperref 2020/01/14 v7.00d Hypertext links for LaTeX

(/usr/local/texlive/2020basic/texmf-dist/tex/generic/ltxcmds/ltxcmds.sty
Package: ltxcmds 2019/12/15 v1.24 LaTeX kernel commands for general use (HO)
)
(/usr/local/texlive/2020basic/texmf-dist/tex/generic/iftex/iftex.sty
Package: iftex 2020/03/06 v1.0d TeX engine tests
)
(/usr/local/texlive/2020basic/texmf-dist/tex/latex/pdftexcmds/pdftexcmds.sty
Package: pdftexcmds 2019/11/24 v0.31 Utility functions of pdfTeX for LuaTeX (HO
)

(/usr/local/texlive/2020basic/texmf-dist/tex/generic/infwarerr/infwarerr.sty
Package: infwarerr 2019/12/03 v1.5 Providing info/warning/error messages (HO)
)
Package pdftexcmds Info: \pdf@primitive is available.
Package pdftexcmds Info: \pdf@ifprimitive is available.
Package pdftexcmds Info: \pdfdraftmode found.
)
(/usr/local/texlive/2020basic/texmf-dist/tex/generic/kvsetkeys/kvsetkeys.sty
Package: kvsetkeys 2019/12/15 v1.18 Key value parser (HO)
)
(/usr/local/texlive/2020basic/texmf-dist/tex/generic/kvdefinekeys/kvdefinekeys.
sty
Package: kvdefinekeys 2019-12-19 v1.6 Define keys (HO)
)
(/usr/local/texlive/2020basic/texmf-dist/tex/generic/pdfescape/pdfescape.sty
Package: pdfescape 2019/12/09 v1.15 Implements pdfTeX's escape features (HO)
)
(/usr/local/texlive/2020basic/texmf-dist/tex/latex/hycolor/hycolor.sty
Package: hycolor 2020-01-27 v1.10 Color options for hyperref/bookmark (HO)
)
(/usr/local/texlive/2020basic/texmf-dist/tex/latex/letltxmacro/letltxmacro.sty
Package: letltxmacro 2019/12/03 v1.6 Let assignment for LaTeX macros (HO)
) (/usr/local/texlive/2020basic/texmf-dist/tex/latex/auxhook/auxhook.sty
Package: auxhook 2019-12-17 v1.6 Hooks for auxiliary files (HO)
)
(/usr/local/texlive/2020basic/texmf-dist/tex/latex/kvoptions/kvoptions.sty
Package: kvoptions 2019/11/29 v3.13 Key value format for package options (HO)
)
\@linkdim=\dimen136
\Hy@linkcounter=\count183
\Hy@pagecounter=\count184

(/usr/local/texlive/2020basic/texmf-dist/tex/latex/hyperref/pd1enc.def
File: pd1enc.def 2020/01/14 v7.00d Hyperref: PDFDocEncoding definition (HO)
Now handling font encoding PD1 ...
... no UTF-8 mapping file for font encoding PD1
)
(/usr/local/texlive/2020basic/texmf-dist/tex/generic/intcalc/intcalc.sty
Package: intcalc 2019/12/15 v1.3 Expandable calculations with integers (HO)
)
(/usr/local/texlive/2020basic/texmf-dist/tex/generic/etexcmds/etexcmds.sty
Package: etexcmds 2019/12/15 v1.7 Avoid name clashes with e-TeX commands (HO)
)
\Hy@SavedSpaceFactor=\count185
Package hyperref Info: Hyper figures OFF on input line 4547.
Package hyperref Info: Link nesting OFF on input line 4552.
Package hyperref Info: Hyper index ON on input line 4555.
Package hyperref Info: Plain pages OFF on input line 4562.
Package hyperref Info: Backreferencing OFF on input line 4567.
Package hyperref Info: Implicit mode ON; LaTeX internals redefined.
Package hyperref Info: Bookmarks ON on input line 4800.
\c@Hy@tempcnt=\count186
LaTeX Info: Redefining \url on input line 5159.
\XeTeXLinkMargin=\dimen137

(/usr/local/texlive/2020basic/texmf-dist/tex/generic/bitset/bitset.sty
Package: bitset 2019/12/09 v1.3 Handle bit-vector datatype (HO)

(/usr/local/texlive/2020basic/texmf-dist/tex/generic/bigintcalc/bigintcalc.sty
Package: bigintcalc 2019/12/15 v1.5 Expandable calculations on big integers (HO
)
))
\Fld@menulength=\count187
\Field@Width=\dimen138
\Fld@charsize=\dimen139
Package hyperref Info: Hyper figures OFF on input line 6430.
Package hyperref Info: Link nesting OFF on input line 6435.
Package hyperref Info: Hyper index ON on input line 6438.
Package hyperref Info: backreferencing OFF on input line 6445.
Package hyperref Info: Link coloring OFF on input line 6450.
Package hyperref Info: Link coloring with OCG OFF on input line 6455.
Package hyperref Info: PDF/A mode OFF on input line 6460.
LaTeX Info: Redefining \ref on input line 6500.
LaTeX Info: Redefining \pageref on input line 6504.
 (/usr/local/texlive/2020basic/texmf-dist/tex/generic/atbegshi/atbegshi.sty
Package: atbegshi 2019/12/05 v1.19 At begin shipout hook (HO)
)
\Hy@abspage=\count188
\c@Item=\count189
\c@Hfootnote=\count190
)
Package hyperref Info: Driver (autodetected): hpdftex.

(/usr/local/texlive/2020basic/texmf-dist/tex/latex/hyperref/hpdftex.def
File: hpdftex.def 2020/01/14 v7.00d Hyperref driver for pdfTeX

(/usr/local/texlive/2020basic/texmf-dist/tex/latex/atveryend/atveryend.sty
Package: atveryend 2019-12-11 v1.11 Hooks at the very end of document (HO)
Package atveryend Info: \enddocument detected (standard20110627).
)
\Fld@listcount=\count191
\c@bookmark@seq@number=\count192

(/usr/local/texlive/2020basic/texmf-dist/tex/latex/rerunfilecheck/rerunfilechec
k.sty
Package: rerunfilecheck 2019/12/05 v1.9 Rerun checks for auxiliary files (HO)

(/usr/local/texlive/2020basic/texmf-dist/tex/generic/uniquecounter/uniquecounte
r.sty
Package: uniquecounter 2019/12/15 v1.4 Provide unlimited unique counter (HO)
)
Package uniquecounter Info: New unique counter `rerunfilecheck' on input line 2
86.
)
\Hy@SectionHShift=\skip54
)

Package hyperref Warning: Option `hyperindex' has already been used,
(hyperref)                setting the option has no effect on input line 377.

Package hyperref Info: Option `colorlinks' set `true' on input line 377.

Package hyperref Warning: Option `pagebackref' has already been used,
(hyperref)                setting the option has no effect on input line 377.

Package hyperref Info: Option `linktocpage' set `true' on input line 377.
Package hyperref Info: Option `plainpages' set `false' on input line 377.
) (/usr/local/texlive/2020basic/texmf-dist/tex/latex/base/makeidx.sty
Package: makeidx 2014/09/29 v1.0m Standard LaTeX package
)
(/usr/local/texlive/2020basic/texmf-dist/tex/latex/base/inputenc.sty
Package: inputenc 2018/08/11 v1.3c Input encoding file
\inpenc@prehook=\toks20
\inpenc@posthook=\toks21
)
\@indexfile=\write3
\openout3 = `Rd2.idx'.


Writing index file Rd2.idx

(/usr/local/texlive/2020basic/texmf-dist/tex/latex/l3backend/l3backend-pdfmode.
def
File: l3backend-pdfmode.def 2020-03-12 L3 backend support: PDF mode
\l__kernel_color_stack_int=\count193
\l__pdf_internal_box=\box49
)
(/private/var/folders/hk/nrfc6swx7jl425kz_0qg46bw0000gn/T/RtmpWtrK3G/Rd2pdf3c6d
495137c/Rd2.aux)
\openout1 = `Rd2.aux'.

LaTeX Font Info:    Checking defaults for OML/cmm/m/it on input line 8.
LaTeX Font Info:    ... okay on input line 8.
LaTeX Font Info:    Checking defaults for OMS/cmsy/m/n on input line 8.
LaTeX Font Info:    ... okay on input line 8.
LaTeX Font Info:    Checking defaults for OT1/cmr/m/n on input line 8.
LaTeX Font Info:    ... okay on input line 8.
LaTeX Font Info:    Checking defaults for T1/cmr/m/n on input line 8.
LaTeX Font Info:    ... okay on input line 8.
LaTeX Font Info:    Checking defaults for TS1/cmr/m/n on input line 8.
LaTeX Font Info:    ... okay on input line 8.
LaTeX Font Info:    Checking defaults for OMX/cmex/m/n on input line 8.
LaTeX Font Info:    ... okay on input line 8.
LaTeX Font Info:    Checking defaults for U/cmr/m/n on input line 8.
LaTeX Font Info:    ... okay on input line 8.
LaTeX Font Info:    Checking defaults for PD1/pdf/m/n on input line 8.
LaTeX Font Info:    ... okay on input line 8.
LaTeX Font Info:    Trying to load font information for T1+ptm on input line 8.


(/usr/local/texlive/2020basic/texmf-dist/tex/latex/psnfss/t1ptm.fd
File: t1ptm.fd 2001/06/04 font definitions for T1/ptm.
)
(/usr/local/texlive/2020basic/texmf-dist/tex/context/base/mkii/supp-pdf.mkii
[Loading MPS to PDF converter (version 2006.09.02).]
\scratchcounter=\count194
\scratchdimen=\dimen140
\scratchbox=\box50
\nofMPsegments=\count195
\nofMParguments=\count196
\everyMPshowfont=\toks22
\MPscratchCnt=\count197
\MPscratchDim=\dimen141
\MPnumerator=\count198
\makeMPintoPDFobject=\count199
\everyMPtoPDFconversion=\toks23
)
\AtBeginShipoutBox=\box51
Package hyperref Info: Link coloring ON on input line 8.
 (/usr/local/texlive/2020basic/texmf-dist/tex/latex/hyperref/nameref.sty
Package: nameref 2019/09/16 v2.46 Cross-referencing by name of section

(/usr/local/texlive/2020basic/texmf-dist/tex/latex/refcount/refcount.sty
Package: refcount 2019/12/15 v3.6 Data extraction from label references (HO)
)
(/usr/local/texlive/2020basic/texmf-dist/tex/generic/gettitlestring/gettitlestr
ing.sty
Package: gettitlestring 2019/12/15 v1.6 Cleanup title references (HO)
)
\c@section@level=\count266
)
LaTeX Info: Redefining \ref on input line 8.
LaTeX Info: Redefining \pageref on input line 8.
LaTeX Info: Redefining \nameref on input line 8.

(/private/var/folders/hk/nrfc6swx7jl425kz_0qg46bw0000gn/T/RtmpWtrK3G/Rd2pdf3c6d
495137c/Rd2.out)
(/private/var/folders/hk/nrfc6swx7jl425kz_0qg46bw0000gn/T/RtmpWtrK3G/Rd2pdf3c6d
495137c/Rd2.out)
\@outlinefile=\write4
\openout4 = `Rd2.out'.

LaTeX Font Info:    Trying to load font information for T1+zi4 on input line 20
.

(/usr/local/texlive/2020basic/texmf-dist/tex/latex/inconsolata/t1zi4.fd
File: t1zi4.fd 2018/01/14 T1/zi4 (Inconsolata)
)
LaTeX Font Info:    Font shape `T1/zi4/m/n' will be
(Font)              scaled to size 10.0pt on input line 20.
LaTeX Font Info:    External font `cmex10' loaded for size
(Font)              <7> on input line 34.
LaTeX Font Info:    External font `cmex10' loaded for size
(Font)              <5> on input line 34.
LaTeX Font Info:    Trying to load font information for T1+phv on input line 43
.

(/usr/local/texlive/2020basic/texmf-dist/tex/latex/psnfss/t1phv.fd
File: t1phv.fd 2001/06/04 scalable font definitions for T1/phv.


LaTeX Warning: Font shape declaration has incorrect series value `mc'.
               It should not contain an `m'! Please correct it.
               Found on input line 20.


LaTeX Warning: Font shape declaration has incorrect series value `mc'.
               It should not contain an `m'! Please correct it.
               Found on input line 23.


LaTeX Warning: Font shape declaration has incorrect series value `mc'.
               It should not contain an `m'! Please correct it.
               Found on input line 26.


LaTeX Warning: Font shape declaration has incorrect series value `mc'.
               It should not contain an `m'! Please correct it.
               Found on input line 46.

)
(/private/var/folders/hk/nrfc6swx7jl425kz_0qg46bw0000gn/T/RtmpWtrK3G/Rd2pdf3c6d
495137c/Rd2.toc [1


{/usr/local/texlive/2020basic/texmf-var/fonts/map/pdftex/updmap/pdftex.map}] [2
])
\tf@toc=\write5
\openout5 = `Rd2.toc'.


Overfull \hbox (38.52884pt too wide) in paragraph at lines 77--81
\T1/zi4/m/n/10 input.map\T1/ptm/m/n/10 . It is im-por-tant that \T1/zi4/m/n/10 
shared.alleles = TRUE \T1/ptm/m/n/10 in func-tion [][]\T1/zi4/m/n/10 rf_list_to
_matrix[][][]
 []

[3]
LaTeX Font Info:    Font shape `T1/zi4/m/n' will be
(Font)              scaled to size 9.0pt on input line 144.
 [4]
Underfull \vbox (badness 10000) has occurred while \output is active []

 [5]
[6]
Overfull \hbox (27.95844pt too wide) in paragraph at lines 287--288
[]\T1/ptm/m/n/10 Marcelo Mol-li-nari, \T1/zi4/m/n/10 <mmollin@ncsu.edu> \T1/ptm
/m/n/10 with up-dates by Gabriel Gesteira, \T1/zi4/m/n/10 <gabrielgesteira@usp.
br> 
 []

LaTeX Font Info:    Trying to load font information for TS1+zi4 on input line 3
01.
(/usr/local/texlive/2020basic/texmf-dist/tex/latex/inconsolata/ts1zi4.fd
File: ts1zi4.fd 2018/01/14 TS1/zi4 (Inconsolata)
)
LaTeX Font Info:    Font shape `TS1/zi4/m/n' will be
(Font)              scaled to size 9.0pt on input line 301.

Overfull \hbox (15.72874pt too wide) in paragraph at lines 304--304
 []    \T1/zi4/m/n/9 ## load from internal file of web-stored counts (especiall
y important for high ploidy levels)[] 
 []

[7] [8] [9] [10] [11] [12] [13]
Overfull \hbox (24.77475pt too wide) in paragraph at lines 731--731
 []\T1/zi4/m/n/9 fl1 = "https://raw.githubusercontent.com/mmollina/MAPpoly_vign
ettes/master/data/SolCAP_dosage"[] 
 []


Overfull \hbox (2.27475pt too wide) in paragraph at lines 738--738
 []\T1/zi4/m/n/9 fl2 = "https://raw.githubusercontent.com/mmollina/MAPpoly_vign
ettes/master/data/hexafake"[] 
 []

[14]
Overfull \hbox (80.2678pt too wide) in paragraph at lines 823--824
[]\T1/ptm/m/n/10 Marcelo Mol-li-nari, \T1/zi4/m/n/10 <mmollin@ncsu.edu>\T1/ptm/
m/n/10 , with mi-nor mod-i-fi-ca-tions by Gabriel Gesteira, \T1/zi4/m/n/10 <gab
rielgesteira@usp.br> 
 []

[15] [16] [17] [18] [19] [20]
Overfull \hbox (38.26555pt too wide) in paragraph at lines 1190--1190
 []   \T1/zi4/m/n/9 fl = "https://github.com/mmollina/MAPpoly_vignettes/raw/mas
ter/data/BT/sweetpotato_chr1.vcf.gz"[] 
 []

[21]
LaTeX Font Info:    Font shape `TS1/zi4/m/n' will be
(Font)              scaled to size 10.0pt on input line 1253.
 [22]
Overfull \hbox (0.41885pt too wide) in paragraph at lines 1274--1276
[]\T1/ptm/m/n/10 an ob-ject of class \T1/zi4/m/n/10 two.pts.linkage.phases\T1/p
tm/m/n/10 . If not avail-able (de-fault = NULL),
 []

[23] [24] [25] [26] [27] [28] [29] [30] [31] [32] [33] [34] [35] [36] [37]
[38] [39] [40] [41]
Overfull \hbox (20.27475pt too wide) in paragraph at lines 2460--2460
 []\T1/zi4/m/n/9 data("integrated.maplist", "screened_data3", "marker_assignmen
ts_P1","marker_assignments_P2")[] 
 []

[42]
Underfull \vbox (badness 10000) has occurred while \output is active []

 [43]
Underfull \vbox (badness 10000) has occurred while \output is active []

 [44]
[45]
Overfull \hbox (3.66919pt too wide) in paragraph at lines 2678--2681
[]\T1/ptm/m/n/10 an ob-ject of class \T1/zi4/m/n/10 mappoly.rf.matrix\T1/ptm/m/
n/10 , which is a sub-set of \TS1/zi4/m/n/10 '\T1/zi4/m/n/10 input.mat\TS1/zi4/
m/n/10 '\T1/ptm/m/n/10 . See [][]\T1/zi4/m/n/10 rf_list_to_matrix[][][]
 []

[46]
Overfull \hbox (31.0492pt too wide) in paragraph at lines 2739--2742
[]\T1/ptm/m/n/10 an ob-ject of class \T1/zi4/m/n/10 poly.est.two.pts.pairwise \
T1/ptm/m/n/10 which is a sub-set of \T1/zi4/m/n/10 input.twopt\T1/ptm/m/n/10 . 
See [][]\T1/zi4/m/n/10 est_pairwise_rf[][][]
 []

[47]
Overfull \hbox (36.07925pt too wide) in paragraph at lines 2821--2824
[]\T1/ptm/m/n/10 an ob-ject of one of the fol-low-ing classes: \T1/zi4/m/n/10 m
appoly.data\T1/ptm/m/n/10 , \T1/zi4/m/n/10 mappoly.map\T1/ptm/m/n/10 , \T1/zi4/
m/n/10 mappoly.group\T1/ptm/m/n/10 ,
 []


Overfull \hbox (27.17036pt too wide) in paragraph at lines 2825--2834
\T1/zi4/m/n/10 input.object \T1/ptm/m/n/10 has class \T1/zi4/m/n/10 mappoly.pcm
ap\T1/ptm/m/n/10 , \T1/zi4/m/n/10 mappoly.pcmap3d \T1/ptm/m/n/10 or \T1/zi4/m/n
/10 mappoly.unique.seq 
 []


Overfull \hbox (14.94852pt too wide) in paragraph at lines 2837--2846
\T1/zi4/m/n/10 genomic.info = c(1,2)\T1/ptm/m/n/10 , the func-tion re-turns a s
e-quence with mark-ers that matched
 []

[48]
Overfull \hbox (54.47804pt too wide) in paragraph at lines 2876--2877
[]\T1/ptm/m/n/10 Marcelo Mol-li-nari, \T1/zi4/m/n/10 <mmollin@ncsu.edu>\T1/ptm/
m/n/10 , with mod-i-fi-ca-tions by Gabriel Gesteira, \T1/zi4/m/n/10 <gabrielges
teira@usp.br> 
 []

[49]
Overfull \hbox (13.83932pt too wide) in paragraph at lines 2944--2949
\T1/ptm/m/n/10 PUB-LIC LI-CENSE, Ver-sion 3, at [][]$\T1/zi4/m/n/10 https : / /
 github . com / BiomathematicsAndStatisticsScotland /
 []

[50]
Overfull \hbox (7.49963pt too wide) in paragraph at lines 3017--3021
\T1/ptm/m/n/10 i-cal and Ap-plied Ge-net-ics_, 129(11), 2117-2132. [][]$\T1/zi4
/m/n/10 https : / / doi . org / 10 . 1007 / s00122-[]016-[]2761-[]8$[][] 
 []

[51] [52]
Overfull \hbox (5.24408pt too wide) in paragraph at lines 3128--3128
 []\T1/zi4/m/n/9 ## Loading three chromosomes of sweetpotato dataset (SNPs anch
ored to Ipomoea trifida genome)[] 
 []


Overfull \hbox (5.26248pt too wide) in paragraph at lines 3134--3134
 []    \T1/zi4/m/n/9 x <- "https://github.com/mmollina/MAPpoly_vignettes/raw/ma
ster/data/BT/sweetpotato_chr"[] 
 []


Overfull \hbox (2.22874pt too wide) in paragraph at lines 3137--3137
 []    \T1/zi4/m/n/9 dattemp <- read_vcf(file = tempfl, parent.1 = "PARENT1", p
arent.2 = "PARENT2", ploidy = 6)[] 
 []

[53] [54] [55] [56] [57] [58] [59] [60] [61] [62] [63] [64]
Overfull \hbox (24.77475pt too wide) in paragraph at lines 3819--3819
 []\T1/zi4/m/n/9 fl1 = "https://raw.githubusercontent.com/mmollina/MAPpoly_vign
ettes/master/data/SolCAP_dosage"[] 
 []


Overfull \hbox (2.27475pt too wide) in paragraph at lines 3827--3827
 []\T1/zi4/m/n/9 fl2 = "https://raw.githubusercontent.com/mmollina/MAPpoly_vign
ettes/master/data/hexafake"[] 
 []

[65] [66]
Overfull \hbox (27.78088pt too wide) in paragraph at lines 3940--3940
 []\T1/zi4/m/n/9 ft="https://raw.githubusercontent.com/mmollina/MAPpoly_vignett
es/master/data/tetra_solcap.csv"[] 
 []

[67] [68]
Overfull \hbox (36.78088pt too wide) in paragraph at lines 4091--4091
 []\T1/zi4/m/n/9 fh="https://raw.githubusercontent.com/mmollina/MAPpoly_vignett
es/master/data/hexafake_geno_dist"[] 
 []

[69] [70]
Overfull \hbox (29.27475pt too wide) in paragraph at lines 4223--4223
 []\T1/zi4/m/n/9 fl = "https://github.com/mmollina/MAPpoly_vignettes/raw/master
/data/BT/sweetpotato_chr1.vcf.gz"[] 
 []

[71]
Overfull \hbox (5.26248pt too wide) in paragraph at lines 4236--4236
 []    \T1/zi4/m/n/9 x <- "https://github.com/mmollina/MAPpoly_vignettes/raw/ma
ster/data/BT/sweetpotato_chr"[] 
 []


Overfull \hbox (2.22874pt too wide) in paragraph at lines 4239--4239
 []    \T1/zi4/m/n/9 dattemp <- read_vcf(file = tempfl, parent.1 = "PARENT1", p
arent.2 = "PARENT2", ploidy = 6)[] 
 []

[72] [73]
Overfull \hbox (18.05759pt too wide) in paragraph at lines 4370--4373
[]\T1/ptm/m/n/10 Transforms the re-com-bi-na-tion frac-tion list con-tained in 
an ob-ject of class \T1/zi4/m/n/10 poly.est.two.pts.pairwise
 []

[74] [75] [76]
Overfull \hbox (27.95844pt too wide) in paragraph at lines 4559--4560
[]\T1/ptm/m/n/10 Marcelo Mol-li-nari, \T1/zi4/m/n/10 <mmollin@ncsu.edu> \T1/ptm
/m/n/10 with up-dates by Gabriel Gesteira, \T1/zi4/m/n/10 <gabrielgesteira@usp.
br> 
 []

[77] [78] [79] [80] [81] [82]
LaTeX Font Info:    Trying to load font information for TS1+ptm on input line 4
972.

(/usr/local/texlive/2020basic/texmf-dist/tex/latex/psnfss/ts1ptm.fd
File: ts1ptm.fd 2001/06/04 font definitions for TS1/ptm.
) [83]
[84] [85] [86]
(/private/var/folders/hk/nrfc6swx7jl425kz_0qg46bw0000gn/T/RtmpWtrK3G/Rd2pdf3c6d
495137c/Rd2.ind [87]

LaTeX Font Warning: Font shape `T1/zi4/m/it' undefined
(Font)              using `T1/zi4/m/n' instead on input line 95.

LaTeX Font Info:    Font shape `T1/zi4/m/it' will be
(Font)              scaled to size 10.0pt on input line 98.
[88

] [89

])
Package atveryend Info: Empty hook `BeforeClearDocument' on input line 5158.
Package atveryend Info: Empty hook `AfterLastShipout' on input line 5158.

(/private/var/folders/hk/nrfc6swx7jl425kz_0qg46bw0000gn/T/RtmpWtrK3G/Rd2pdf3c6d
495137c/Rd2.aux)
Package atveryend Info: Executing hook `AtVeryEndDocument' on input line 5158.
Package atveryend Info: Executing hook `AtEndAfterFileList' on input line 5158.

Package rerunfilecheck Info: File `Rd2.out' has not changed.
(rerunfilecheck)             Checksum: A51DB88D95CB844BD9659A24F2E885C5;4781.


LaTeX Font Warning: Some font shapes were not available, defaults substituted.

Package atveryend Info: Empty hook `AtVeryVeryEnd' on input line 5158.
 ) 
Here is how much of TeX's memory you used:
 6706 strings out of 482056
 103208 string characters out of 5937676
 357788 words of memory out of 5000000
 21635 multiletter control sequences out of 15000+600000
 570369 words of font info for 62 fonts, out of 8000000 for 9000
 319 hyphenation exceptions out of 8191
 44i,6n,40p,307b,604s stack positions out of 5000i,500n,10000p,200000b,80000s
{/usr/local/texlive/2020basic/texmf-dist/fonts/enc/dvips/inconsolata/i4-ts1.e
nc}{/usr/local/texlive/2020basic/texmf-dist/fonts/enc/dvips/base/8r.enc}{/usr/l
ocal/texlive/2020basic/texmf-dist/fonts/enc/dvips/inconsolata/i4-t1-0.enc}</usr
/local/texlive/2020basic/texmf-dist/fonts/type1/public/inconsolata/Inconsolata-
zi4r.pfb></usr/local/texlive/2020basic/texmf-dist/fonts/type1/public/amsfonts/c
m/cmmi10.pfb></usr/local/texlive/2020basic/texmf-dist/fonts/type1/public/amsfon
ts/cm/cmr10.pfb></usr/local/texlive/2020basic/texmf-dist/fonts/type1/public/ams
fonts/cm/cmsy10.pfb></usr/local/texlive/2020basic/texmf-dist/fonts/type1/urw/he
lvetic/uhvr8a.pfb></usr/local/texlive/2020basic/texmf-dist/fonts/type1/urw/time
s/utmb8a.pfb></usr/local/texlive/2020basic/texmf-dist/fonts/type1/urw/times/utm
r8a.pfb></usr/local/texlive/2020basic/texmf-dist/fonts/type1/urw/times/utmr8a.p
fb></usr/local/texlive/2020basic/texmf-dist/fonts/type1/urw/times/utmri8a.pfb>
Output written on Rd2.pdf (89 pages, 287788 bytes).
PDF statistics:
 1533 PDF objects out of 1728 (max. 8388607)
 1418 compressed objects within 15 object streams
 612 named destinations out of 1000 (max. 500000)
 521 words of extra memory for PDF output out of 10000 (max. 10000000)

