Hmm ... looks like a package

This is pdfTeX, Version 3.14159265-2.6-1.40.21 (TeX Live 2020) (preloaded format=pdflatex)
 restricted \write18 enabled.
entering extended mode
LaTeX2e <2020-02-02> patch level 5
L3 programming layer <2020-03-06>
(./Rd2.tex
(/usr/local/texlive/2020basic/texmf-dist/tex/latex/base/book.cls
Document Class: book 2019/12/20 v1.4l Standard LaTeX document class
(/usr/local/texlive/2020basic/texmf-dist/tex/latex/base/bk10.clo))
(/Library/Frameworks/R.framework/Resources/share/texmf/tex/latex/Rd.sty
(/usr/local/texlive/2020basic/texmf-dist/tex/latex/base/ifthen.sty)
(/usr/local/texlive/2020basic/texmf-dist/tex/latex/tools/longtable.sty)
(/usr/local/texlive/2020basic/texmf-dist/tex/latex/tools/bm.sty)
(/usr/local/texlive/2020basic/texmf-dist/tex/latex/base/alltt.sty)
(/usr/local/texlive/2020basic/texmf-dist/tex/latex/tools/verbatim.sty)
(/usr/local/texlive/2020basic/texmf-dist/tex/latex/url/url.sty)
(/usr/local/texlive/2020basic/texmf-dist/tex/latex/base/textcomp.sty)
(/usr/local/texlive/2020basic/texmf-dist/tex/latex/base/fontenc.sty)
(/usr/local/texlive/2020basic/texmf-dist/tex/latex/psnfss/times.sty)
(/usr/local/texlive/2020basic/texmf-dist/tex/latex/inconsolata/zi4.sty
`inconsolata-zi4' v1.12, 2019/05/17 Text macros for Inconsolata (msharpe)
(/usr/local/texlive/2020basic/texmf-dist/tex/latex/xkeyval/xkeyval.sty
(/usr/local/texlive/2020basic/texmf-dist/tex/generic/xkeyval/xkeyval.tex
(/usr/local/texlive/2020basic/texmf-dist/tex/generic/xkeyval/xkvutils.tex
(/usr/local/texlive/2020basic/texmf-dist/tex/generic/xkeyval/keyval.tex)))))
(/usr/local/texlive/2020basic/texmf-dist/tex/latex/graphics/color.sty
(/usr/local/texlive/2020basic/texmf-dist/tex/latex/graphics-cfg/color.cfg)
(/usr/local/texlive/2020basic/texmf-dist/tex/latex/graphics-def/pdftex.def))
(/usr/local/texlive/2020basic/texmf-dist/tex/latex/hyperref/hyperref.sty
(/usr/local/texlive/2020basic/texmf-dist/tex/generic/ltxcmds/ltxcmds.sty)
(/usr/local/texlive/2020basic/texmf-dist/tex/generic/iftex/iftex.sty)
(/usr/local/texlive/2020basic/texmf-dist/tex/latex/pdftexcmds/pdftexcmds.sty
(/usr/local/texlive/2020basic/texmf-dist/tex/generic/infwarerr/infwarerr.sty))
(/usr/local/texlive/2020basic/texmf-dist/tex/generic/kvsetkeys/kvsetkeys.sty)
(/usr/local/texlive/2020basic/texmf-dist/tex/generic/kvdefinekeys/kvdefinekeys.
sty)
(/usr/local/texlive/2020basic/texmf-dist/tex/generic/pdfescape/pdfescape.sty)
(/usr/local/texlive/2020basic/texmf-dist/tex/latex/hycolor/hycolor.sty)
(/usr/local/texlive/2020basic/texmf-dist/tex/latex/letltxmacro/letltxmacro.sty)
 (/usr/local/texlive/2020basic/texmf-dist/tex/latex/auxhook/auxhook.sty)
(/usr/local/texlive/2020basic/texmf-dist/tex/latex/kvoptions/kvoptions.sty)
(/usr/local/texlive/2020basic/texmf-dist/tex/latex/hyperref/pd1enc.def)
(/usr/local/texlive/2020basic/texmf-dist/tex/generic/intcalc/intcalc.sty)
(/usr/local/texlive/2020basic/texmf-dist/tex/generic/etexcmds/etexcmds.sty)
(/usr/local/texlive/2020basic/texmf-dist/tex/generic/bitset/bitset.sty
(/usr/local/texlive/2020basic/texmf-dist/tex/generic/bigintcalc/bigintcalc.sty)
) (/usr/local/texlive/2020basic/texmf-dist/tex/generic/atbegshi/atbegshi.sty))
(/usr/local/texlive/2020basic/texmf-dist/tex/latex/hyperref/hpdftex.def
(/usr/local/texlive/2020basic/texmf-dist/tex/latex/atveryend/atveryend.sty)
(/usr/local/texlive/2020basic/texmf-dist/tex/latex/rerunfilecheck/rerunfilechec
k.sty
(/usr/local/texlive/2020basic/texmf-dist/tex/generic/uniquecounter/uniquecounte
r.sty)))

Package hyperref Warning: Option `hyperindex' has already been used,
(hyperref)                setting the option has no effect on input line 377.


Package hyperref Warning: Option `pagebackref' has already been used,
(hyperref)                setting the option has no effect on input line 377.

) (/usr/local/texlive/2020basic/texmf-dist/tex/latex/base/makeidx.sty)
(/usr/local/texlive/2020basic/texmf-dist/tex/latex/base/inputenc.sty)
Writing index file Rd2.idx

(/usr/local/texlive/2020basic/texmf-dist/tex/latex/l3backend/l3backend-pdfmode.
def)
No file Rd2.aux.
(/usr/local/texlive/2020basic/texmf-dist/tex/latex/psnfss/t1ptm.fd)
(/usr/local/texlive/2020basic/texmf-dist/tex/context/base/mkii/supp-pdf.mkii
[Loading MPS to PDF converter (version 2006.09.02).]
) (/usr/local/texlive/2020basic/texmf-dist/tex/latex/hyperref/nameref.sty
(/usr/local/texlive/2020basic/texmf-dist/tex/latex/refcount/refcount.sty)
(/usr/local/texlive/2020basic/texmf-dist/tex/generic/gettitlestring/gettitlestr
ing.sty))
(/usr/local/texlive/2020basic/texmf-dist/tex/latex/inconsolata/t1zi4.fd)
(/usr/local/texlive/2020basic/texmf-dist/tex/latex/psnfss/t1phv.fd

LaTeX Warning: Font shape declaration has incorrect series value `mc'.
               It should not contain an `m'! Please correct it.
               Found on input line 20.


LaTeX Warning: Font shape declaration has incorrect series value `mc'.
               It should not contain an `m'! Please correct it.
               Found on input line 23.


LaTeX Warning: Font shape declaration has incorrect series value `mc'.
               It should not contain an `m'! Please correct it.
               Found on input line 26.


LaTeX Warning: Font shape declaration has incorrect series value `mc'.
               It should not contain an `m'! Please correct it.
               Found on input line 46.

) [1{/usr/local/texlive/2020basic/texmf-var/fonts/map/pdftex/updmap/pdftex.map}
]
Overfull \hbox (38.52884pt too wide) in paragraph at lines 77--81
\T1/zi4/m/n/10 input.map\T1/ptm/m/n/10 . It is im-por-tant that \T1/zi4/m/n/10 
shared.alleles = TRUE \T1/ptm/m/n/10 in func-tion [][]\T1/zi4/m/n/10 rf_list_to
_matrix[][][]
[2] [3]
Underfull \vbox (badness 10000) has occurred while \output is active [4]
Overfull \hbox (27.95844pt too wide) in paragraph at lines 287--288
[]\T1/ptm/m/n/10 Marcelo Mol-li-nari, \T1/zi4/m/n/10 <mmollin@ncsu.edu> \T1/ptm
/m/n/10 with up-dates by Gabriel Gesteira, \T1/zi4/m/n/10 <gabrielgesteira@usp.
br> 
[5] (/usr/local/texlive/2020basic/texmf-dist/tex/latex/inconsolata/ts1zi4.fd)
Overfull \hbox (15.72874pt too wide) in paragraph at lines 304--304
 []    \T1/zi4/m/n/9 ## load from internal file of web-stored counts (especiall
y important for high ploidy levels)[] 
[6] [7] [8] [9] [10] [11]
Overfull \hbox (24.77475pt too wide) in paragraph at lines 731--731
 []\T1/zi4/m/n/9 fl1 = "https://raw.githubusercontent.com/mmollina/MAPpoly_vign
ettes/master/data/SolCAP_dosage"[] 
[12]
Overfull \hbox (2.27475pt too wide) in paragraph at lines 738--738
 []\T1/zi4/m/n/9 fl2 = "https://raw.githubusercontent.com/mmollina/MAPpoly_vign
ettes/master/data/hexafake"[] 
[13]
Overfull \hbox (80.2678pt too wide) in paragraph at lines 823--824
[]\T1/ptm/m/n/10 Marcelo Mol-li-nari, \T1/zi4/m/n/10 <mmollin@ncsu.edu>\T1/ptm/
m/n/10 , with mi-nor mod-i-fi-ca-tions by Gabriel Gesteira, \T1/zi4/m/n/10 <gab
rielgesteira@usp.br> 
[14] [15] [16] [17] [18] [19]
Overfull \hbox (38.26555pt too wide) in paragraph at lines 1190--1190
 []   \T1/zi4/m/n/9 fl = "https://github.com/mmollina/MAPpoly_vignettes/raw/mas
ter/data/BT/sweetpotato_chr1.vcf.gz"[] 
[20] [21]
Overfull \hbox (0.41885pt too wide) in paragraph at lines 1274--1276
[]\T1/ptm/m/n/10 an ob-ject of class \T1/zi4/m/n/10 two.pts.linkage.phases\T1/p
tm/m/n/10 . If not avail-able (de-fault = NULL),
[22] [23] [24] [25] [26] [27] [28] [29] [30] [31] [32] [33] [34] [35] [36]
[37] [38] [39] [40]
Overfull \hbox (20.27475pt too wide) in paragraph at lines 2460--2460
 []\T1/zi4/m/n/9 data("integrated.maplist", "screened_data3", "marker_assignmen
ts_P1","marker_assignments_P2")[] 
[41]
Underfull \vbox (badness 10000) has occurred while \output is active [42]
[43] [44]
Overfull \hbox (3.66919pt too wide) in paragraph at lines 2678--2681
[]\T1/ptm/m/n/10 an ob-ject of class \T1/zi4/m/n/10 mappoly.rf.matrix\T1/ptm/m/
n/10 , which is a sub-set of \TS1/zi4/m/n/10 '\T1/zi4/m/n/10 input.mat\TS1/zi4/
m/n/10 '\T1/ptm/m/n/10 . See [][]\T1/zi4/m/n/10 rf_list_to_matrix[][][]
[45]
Overfull \hbox (31.0492pt too wide) in paragraph at lines 2739--2742
[]\T1/ptm/m/n/10 an ob-ject of class \T1/zi4/m/n/10 poly.est.two.pts.pairwise \
T1/ptm/m/n/10 which is a sub-set of \T1/zi4/m/n/10 input.twopt\T1/ptm/m/n/10 . 
See [][]\T1/zi4/m/n/10 est_pairwise_rf[][][]
[46]
Overfull \hbox (36.07925pt too wide) in paragraph at lines 2821--2824
[]\T1/ptm/m/n/10 an ob-ject of one of the fol-low-ing classes: \T1/zi4/m/n/10 m
appoly.data\T1/ptm/m/n/10 , \T1/zi4/m/n/10 mappoly.map\T1/ptm/m/n/10 , \T1/zi4/
m/n/10 mappoly.group\T1/ptm/m/n/10 ,

Overfull \hbox (27.17036pt too wide) in paragraph at lines 2825--2834
\T1/zi4/m/n/10 input.object \T1/ptm/m/n/10 has class \T1/zi4/m/n/10 mappoly.pcm
ap\T1/ptm/m/n/10 , \T1/zi4/m/n/10 mappoly.pcmap3d \T1/ptm/m/n/10 or \T1/zi4/m/n
/10 mappoly.unique.seq 

Overfull \hbox (14.94852pt too wide) in paragraph at lines 2837--2846
\T1/zi4/m/n/10 genomic.info = c(1,2)\T1/ptm/m/n/10 , the func-tion re-turns a s
e-quence with mark-ers that matched
[47]
Overfull \hbox (54.47804pt too wide) in paragraph at lines 2876--2877
[]\T1/ptm/m/n/10 Marcelo Mol-li-nari, \T1/zi4/m/n/10 <mmollin@ncsu.edu>\T1/ptm/
m/n/10 , with mod-i-fi-ca-tions by Gabriel Gesteira, \T1/zi4/m/n/10 <gabrielges
teira@usp.br> 
[48]
Overfull \hbox (13.83932pt too wide) in paragraph at lines 2944--2949
\T1/ptm/m/n/10 PUB-LIC LI-CENSE, Ver-sion 3, at [][]$\T1/zi4/m/n/10 https : / /
 github . com / BiomathematicsAndStatisticsScotland /
[49]
Overfull \hbox (7.49963pt too wide) in paragraph at lines 3017--3021
\T1/ptm/m/n/10 i-cal and Ap-plied Ge-net-ics_, 129(11), 2117-2132. [][]$\T1/zi4
/m/n/10 https : / / doi . org / 10 . 1007 / s00122-[]016-[]2761-[]8$[][] 
[50] [51]
Overfull \hbox (5.24408pt too wide) in paragraph at lines 3128--3128
 []\T1/zi4/m/n/9 ## Loading three chromosomes of sweetpotato dataset (SNPs anch
ored to Ipomoea trifida genome)[] 

Overfull \hbox (5.26248pt too wide) in paragraph at lines 3134--3134
 []    \T1/zi4/m/n/9 x <- "https://github.com/mmollina/MAPpoly_vignettes/raw/ma
ster/data/BT/sweetpotato_chr"[] 

Overfull \hbox (2.22874pt too wide) in paragraph at lines 3137--3137
 []    \T1/zi4/m/n/9 dattemp <- read_vcf(file = tempfl, parent.1 = "PARENT1", p
arent.2 = "PARENT2", ploidy = 6)[] 
[52] [53] [54] [55] [56] [57] [58] [59] [60] [61] [62] [63]
Overfull \hbox (24.77475pt too wide) in paragraph at lines 3819--3819
 []\T1/zi4/m/n/9 fl1 = "https://raw.githubusercontent.com/mmollina/MAPpoly_vign
ettes/master/data/SolCAP_dosage"[] 

Overfull \hbox (2.27475pt too wide) in paragraph at lines 3827--3827
 []\T1/zi4/m/n/9 fl2 = "https://raw.githubusercontent.com/mmollina/MAPpoly_vign
ettes/master/data/hexafake"[] 
[64] [65]
Overfull \hbox (27.78088pt too wide) in paragraph at lines 3940--3940
 []\T1/zi4/m/n/9 ft="https://raw.githubusercontent.com/mmollina/MAPpoly_vignett
es/master/data/tetra_solcap.csv"[] 
[66] [67]
Overfull \hbox (36.78088pt too wide) in paragraph at lines 4091--4091
 []\T1/zi4/m/n/9 fh="https://raw.githubusercontent.com/mmollina/MAPpoly_vignett
es/master/data/hexafake_geno_dist"[] 
[68] [69]
Overfull \hbox (29.27475pt too wide) in paragraph at lines 4223--4223
 []\T1/zi4/m/n/9 fl = "https://github.com/mmollina/MAPpoly_vignettes/raw/master
/data/BT/sweetpotato_chr1.vcf.gz"[] 
[70]
Overfull \hbox (5.26248pt too wide) in paragraph at lines 4236--4236
 []    \T1/zi4/m/n/9 x <- "https://github.com/mmollina/MAPpoly_vignettes/raw/ma
ster/data/BT/sweetpotato_chr"[] 

Overfull \hbox (2.22874pt too wide) in paragraph at lines 4239--4239
 []    \T1/zi4/m/n/9 dattemp <- read_vcf(file = tempfl, parent.1 = "PARENT1", p
arent.2 = "PARENT2", ploidy = 6)[] 
[71] [72]
Overfull \hbox (18.05759pt too wide) in paragraph at lines 4370--4373
[]\T1/ptm/m/n/10 Transforms the re-com-bi-na-tion frac-tion list con-tained in 
an ob-ject of class \T1/zi4/m/n/10 poly.est.two.pts.pairwise
[73] [74] [75]
Overfull \hbox (27.95844pt too wide) in paragraph at lines 4559--4560
[]\T1/ptm/m/n/10 Marcelo Mol-li-nari, \T1/zi4/m/n/10 <mmollin@ncsu.edu> \T1/ptm
/m/n/10 with up-dates by Gabriel Gesteira, \T1/zi4/m/n/10 <gabrielgesteira@usp.
br> 
[76] [77] [78] [79] [80] [81]
(/usr/local/texlive/2020basic/texmf-dist/tex/latex/psnfss/ts1ptm.fd) [82]
[83] [84] [85]
No file Rd2.ind.
[86]
(/private/var/folders/hk/nrfc6swx7jl425kz_0qg46bw0000gn/T/RtmpWtrK3G/Rd2pdf3c6d
495137c/Rd2.aux)

Package rerunfilecheck Warning: File `Rd2.out' has changed.
(rerunfilecheck)                Rerun to get outlines right
(rerunfilecheck)                or use package `bookmark'.

 )
(see the transcript file for additional information){/usr/local/texlive/2020bas
ic/texmf-dist/fonts/enc/dvips/inconsolata/i4-ts1.enc}{/usr/local/texlive/2020ba
sic/texmf-dist/fonts/enc/dvips/base/8r.enc}{/usr/local/texlive/2020basic/texmf-
dist/fonts/enc/dvips/inconsolata/i4-t1-0.enc}</usr/local/texlive/2020basic/texm
f-dist/fonts/type1/public/inconsolata/Inconsolata-zi4r.pfb></usr/local/texlive/
2020basic/texmf-dist/fonts/type1/public/amsfonts/cm/cmmi10.pfb></usr/local/texl
ive/2020basic/texmf-dist/fonts/type1/public/amsfonts/cm/cmr10.pfb></usr/local/t
exlive/2020basic/texmf-dist/fonts/type1/public/amsfonts/cm/cmsy10.pfb></usr/loc
al/texlive/2020basic/texmf-dist/fonts/type1/urw/helvetic/uhvr8a.pfb></usr/local
/texlive/2020basic/texmf-dist/fonts/type1/urw/times/utmb8a.pfb></usr/local/texl
ive/2020basic/texmf-dist/fonts/type1/urw/times/utmr8a.pfb></usr/local/texlive/2
020basic/texmf-dist/fonts/type1/urw/times/utmr8a.pfb></usr/local/texlive/2020ba
sic/texmf-dist/fonts/type1/urw/times/utmri8a.pfb>
Output written on Rd2.pdf (86 pages, 270772 bytes).
Transcript written on Rd2.log.
This is pdfTeX, Version 3.14159265-2.6-1.40.21 (TeX Live 2020) (preloaded format=pdflatex)
 restricted \write18 enabled.
entering extended mode
LaTeX2e <2020-02-02> patch level 5
L3 programming layer <2020-03-06>
(./Rd2.tex
(/usr/local/texlive/2020basic/texmf-dist/tex/latex/base/book.cls
Document Class: book 2019/12/20 v1.4l Standard LaTeX document class
(/usr/local/texlive/2020basic/texmf-dist/tex/latex/base/bk10.clo))
(/Library/Frameworks/R.framework/Resources/share/texmf/tex/latex/Rd.sty
(/usr/local/texlive/2020basic/texmf-dist/tex/latex/base/ifthen.sty)
(/usr/local/texlive/2020basic/texmf-dist/tex/latex/tools/longtable.sty)
(/usr/local/texlive/2020basic/texmf-dist/tex/latex/tools/bm.sty)
(/usr/local/texlive/2020basic/texmf-dist/tex/latex/base/alltt.sty)
(/usr/local/texlive/2020basic/texmf-dist/tex/latex/tools/verbatim.sty)
(/usr/local/texlive/2020basic/texmf-dist/tex/latex/url/url.sty)
(/usr/local/texlive/2020basic/texmf-dist/tex/latex/base/textcomp.sty)
(/usr/local/texlive/2020basic/texmf-dist/tex/latex/base/fontenc.sty)
(/usr/local/texlive/2020basic/texmf-dist/tex/latex/psnfss/times.sty)
(/usr/local/texlive/2020basic/texmf-dist/tex/latex/inconsolata/zi4.sty
`inconsolata-zi4' v1.12, 2019/05/17 Text macros for Inconsolata (msharpe)
(/usr/local/texlive/2020basic/texmf-dist/tex/latex/xkeyval/xkeyval.sty
(/usr/local/texlive/2020basic/texmf-dist/tex/generic/xkeyval/xkeyval.tex
(/usr/local/texlive/2020basic/texmf-dist/tex/generic/xkeyval/xkvutils.tex
(/usr/local/texlive/2020basic/texmf-dist/tex/generic/xkeyval/keyval.tex)))))
(/usr/local/texlive/2020basic/texmf-dist/tex/latex/graphics/color.sty
(/usr/local/texlive/2020basic/texmf-dist/tex/latex/graphics-cfg/color.cfg)
(/usr/local/texlive/2020basic/texmf-dist/tex/latex/graphics-def/pdftex.def))
(/usr/local/texlive/2020basic/texmf-dist/tex/latex/hyperref/hyperref.sty
(/usr/local/texlive/2020basic/texmf-dist/tex/generic/ltxcmds/ltxcmds.sty)
(/usr/local/texlive/2020basic/texmf-dist/tex/generic/iftex/iftex.sty)
(/usr/local/texlive/2020basic/texmf-dist/tex/latex/pdftexcmds/pdftexcmds.sty
(/usr/local/texlive/2020basic/texmf-dist/tex/generic/infwarerr/infwarerr.sty))
(/usr/local/texlive/2020basic/texmf-dist/tex/generic/kvsetkeys/kvsetkeys.sty)
(/usr/local/texlive/2020basic/texmf-dist/tex/generic/kvdefinekeys/kvdefinekeys.
sty)
(/usr/local/texlive/2020basic/texmf-dist/tex/generic/pdfescape/pdfescape.sty)
(/usr/local/texlive/2020basic/texmf-dist/tex/latex/hycolor/hycolor.sty)
(/usr/local/texlive/2020basic/texmf-dist/tex/latex/letltxmacro/letltxmacro.sty)
 (/usr/local/texlive/2020basic/texmf-dist/tex/latex/auxhook/auxhook.sty)
(/usr/local/texlive/2020basic/texmf-dist/tex/latex/kvoptions/kvoptions.sty)
(/usr/local/texlive/2020basic/texmf-dist/tex/latex/hyperref/pd1enc.def)
(/usr/local/texlive/2020basic/texmf-dist/tex/generic/intcalc/intcalc.sty)
(/usr/local/texlive/2020basic/texmf-dist/tex/generic/etexcmds/etexcmds.sty)
(/usr/local/texlive/2020basic/texmf-dist/tex/generic/bitset/bitset.sty
(/usr/local/texlive/2020basic/texmf-dist/tex/generic/bigintcalc/bigintcalc.sty)
) (/usr/local/texlive/2020basic/texmf-dist/tex/generic/atbegshi/atbegshi.sty))
(/usr/local/texlive/2020basic/texmf-dist/tex/latex/hyperref/hpdftex.def
(/usr/local/texlive/2020basic/texmf-dist/tex/latex/atveryend/atveryend.sty)
(/usr/local/texlive/2020basic/texmf-dist/tex/latex/rerunfilecheck/rerunfilechec
k.sty
(/usr/local/texlive/2020basic/texmf-dist/tex/generic/uniquecounter/uniquecounte
r.sty)))

Package hyperref Warning: Option `hyperindex' has already been used,
(hyperref)                setting the option has no effect on input line 377.


Package hyperref Warning: Option `pagebackref' has already been used,
(hyperref)                setting the option has no effect on input line 377.

) (/usr/local/texlive/2020basic/texmf-dist/tex/latex/base/makeidx.sty)
(/usr/local/texlive/2020basic/texmf-dist/tex/latex/base/inputenc.sty)
Writing index file Rd2.idx

(/usr/local/texlive/2020basic/texmf-dist/tex/latex/l3backend/l3backend-pdfmode.
def)
(/private/var/folders/hk/nrfc6swx7jl425kz_0qg46bw0000gn/T/RtmpWtrK3G/Rd2pdf3c6d
495137c/Rd2.aux)
(/usr/local/texlive/2020basic/texmf-dist/tex/latex/psnfss/t1ptm.fd)
(/usr/local/texlive/2020basic/texmf-dist/tex/context/base/mkii/supp-pdf.mkii
[Loading MPS to PDF converter (version 2006.09.02).]
) (/usr/local/texlive/2020basic/texmf-dist/tex/latex/hyperref/nameref.sty
(/usr/local/texlive/2020basic/texmf-dist/tex/latex/refcount/refcount.sty)
(/usr/local/texlive/2020basic/texmf-dist/tex/generic/gettitlestring/gettitlestr
ing.sty))
(/private/var/folders/hk/nrfc6swx7jl425kz_0qg46bw0000gn/T/RtmpWtrK3G/Rd2pdf3c6d
495137c/Rd2.out)
(/private/var/folders/hk/nrfc6swx7jl425kz_0qg46bw0000gn/T/RtmpWtrK3G/Rd2pdf3c6d
495137c/Rd2.out)
(/usr/local/texlive/2020basic/texmf-dist/tex/latex/inconsolata/t1zi4.fd)
(/usr/local/texlive/2020basic/texmf-dist/tex/latex/psnfss/t1phv.fd

LaTeX Warning: Font shape declaration has incorrect series value `mc'.
               It should not contain an `m'! Please correct it.
               Found on input line 20.


LaTeX Warning: Font shape declaration has incorrect series value `mc'.
               It should not contain an `m'! Please correct it.
               Found on input line 23.


LaTeX Warning: Font shape declaration has incorrect series value `mc'.
               It should not contain an `m'! Please correct it.
               Found on input line 26.


LaTeX Warning: Font shape declaration has incorrect series value `mc'.
               It should not contain an `m'! Please correct it.
               Found on input line 46.

)
(/private/var/folders/hk/nrfc6swx7jl425kz_0qg46bw0000gn/T/RtmpWtrK3G/Rd2pdf3c6d
495137c/Rd2.toc [1{/usr/local/texlive/2020basic/texmf-var/fonts/map/pdftex/updm
ap/pdftex.map}] [2])
Overfull \hbox (38.52884pt too wide) in paragraph at lines 77--81
\T1/zi4/m/n/10 input.map\T1/ptm/m/n/10 . It is im-por-tant that \T1/zi4/m/n/10 
shared.alleles = TRUE \T1/ptm/m/n/10 in func-tion [][]\T1/zi4/m/n/10 rf_list_to
_matrix[][][]
[3] [4]
Underfull \vbox (badness 10000) has occurred while \output is active [5]
[6]
Overfull \hbox (27.95844pt too wide) in paragraph at lines 287--288
[]\T1/ptm/m/n/10 Marcelo Mol-li-nari, \T1/zi4/m/n/10 <mmollin@ncsu.edu> \T1/ptm
/m/n/10 with up-dates by Gabriel Gesteira, \T1/zi4/m/n/10 <gabrielgesteira@usp.
br> 
(/usr/local/texlive/2020basic/texmf-dist/tex/latex/inconsolata/ts1zi4.fd)
Overfull \hbox (15.72874pt too wide) in paragraph at lines 304--304
 []    \T1/zi4/m/n/9 ## load from internal file of web-stored counts (especiall
y important for high ploidy levels)[] 
[7] [8] [9] [10] [11] [12] [13]
Overfull \hbox (24.77475pt too wide) in paragraph at lines 731--731
 []\T1/zi4/m/n/9 fl1 = "https://raw.githubusercontent.com/mmollina/MAPpoly_vign
ettes/master/data/SolCAP_dosage"[] 

Overfull \hbox (2.27475pt too wide) in paragraph at lines 738--738
 []\T1/zi4/m/n/9 fl2 = "https://raw.githubusercontent.com/mmollina/MAPpoly_vign
ettes/master/data/hexafake"[] 
[14]
Overfull \hbox (80.2678pt too wide) in paragraph at lines 823--824
[]\T1/ptm/m/n/10 Marcelo Mol-li-nari, \T1/zi4/m/n/10 <mmollin@ncsu.edu>\T1/ptm/
m/n/10 , with mi-nor mod-i-fi-ca-tions by Gabriel Gesteira, \T1/zi4/m/n/10 <gab
rielgesteira@usp.br> 
[15] [16] [17] [18] [19] [20]
Overfull \hbox (38.26555pt too wide) in paragraph at lines 1190--1190
 []   \T1/zi4/m/n/9 fl = "https://github.com/mmollina/MAPpoly_vignettes/raw/mas
ter/data/BT/sweetpotato_chr1.vcf.gz"[] 
[21] [22]
Overfull \hbox (0.41885pt too wide) in paragraph at lines 1274--1276
[]\T1/ptm/m/n/10 an ob-ject of class \T1/zi4/m/n/10 two.pts.linkage.phases\T1/p
tm/m/n/10 . If not avail-able (de-fault = NULL),
[23] [24] [25] [26] [27] [28] [29] [30] [31] [32] [33] [34] [35] [36] [37]
[38] [39] [40] [41]
Overfull \hbox (20.27475pt too wide) in paragraph at lines 2460--2460
 []\T1/zi4/m/n/9 data("integrated.maplist", "screened_data3", "marker_assignmen
ts_P1","marker_assignments_P2")[] 
[42]
Underfull \vbox (badness 10000) has occurred while \output is active [43]
Underfull \vbox (badness 10000) has occurred while \output is active [44]
[45]
Overfull \hbox (3.66919pt too wide) in paragraph at lines 2678--2681
[]\T1/ptm/m/n/10 an ob-ject of class \T1/zi4/m/n/10 mappoly.rf.matrix\T1/ptm/m/
n/10 , which is a sub-set of \TS1/zi4/m/n/10 '\T1/zi4/m/n/10 input.mat\TS1/zi4/
m/n/10 '\T1/ptm/m/n/10 . See [][]\T1/zi4/m/n/10 rf_list_to_matrix[][][]
[46]
Overfull \hbox (31.0492pt too wide) in paragraph at lines 2739--2742
[]\T1/ptm/m/n/10 an ob-ject of class \T1/zi4/m/n/10 poly.est.two.pts.pairwise \
T1/ptm/m/n/10 which is a sub-set of \T1/zi4/m/n/10 input.twopt\T1/ptm/m/n/10 . 
See [][]\T1/zi4/m/n/10 est_pairwise_rf[][][]
[47]
Overfull \hbox (36.07925pt too wide) in paragraph at lines 2821--2824
[]\T1/ptm/m/n/10 an ob-ject of one of the fol-low-ing classes: \T1/zi4/m/n/10 m
appoly.data\T1/ptm/m/n/10 , \T1/zi4/m/n/10 mappoly.map\T1/ptm/m/n/10 , \T1/zi4/
m/n/10 mappoly.group\T1/ptm/m/n/10 ,

Overfull \hbox (27.17036pt too wide) in paragraph at lines 2825--2834
\T1/zi4/m/n/10 input.object \T1/ptm/m/n/10 has class \T1/zi4/m/n/10 mappoly.pcm
ap\T1/ptm/m/n/10 , \T1/zi4/m/n/10 mappoly.pcmap3d \T1/ptm/m/n/10 or \T1/zi4/m/n
/10 mappoly.unique.seq 

Overfull \hbox (14.94852pt too wide) in paragraph at lines 2837--2846
\T1/zi4/m/n/10 genomic.info = c(1,2)\T1/ptm/m/n/10 , the func-tion re-turns a s
e-quence with mark-ers that matched
[48]
Overfull \hbox (54.47804pt too wide) in paragraph at lines 2876--2877
[]\T1/ptm/m/n/10 Marcelo Mol-li-nari, \T1/zi4/m/n/10 <mmollin@ncsu.edu>\T1/ptm/
m/n/10 , with mod-i-fi-ca-tions by Gabriel Gesteira, \T1/zi4/m/n/10 <gabrielges
teira@usp.br> 
[49]
Overfull \hbox (13.83932pt too wide) in paragraph at lines 2944--2949
\T1/ptm/m/n/10 PUB-LIC LI-CENSE, Ver-sion 3, at [][]$\T1/zi4/m/n/10 https : / /
 github . com / BiomathematicsAndStatisticsScotland /
[50]
Overfull \hbox (7.49963pt too wide) in paragraph at lines 3017--3021
\T1/ptm/m/n/10 i-cal and Ap-plied Ge-net-ics_, 129(11), 2117-2132. [][]$\T1/zi4
/m/n/10 https : / / doi . org / 10 . 1007 / s00122-[]016-[]2761-[]8$[][] 
[51] [52]
Overfull \hbox (5.24408pt too wide) in paragraph at lines 3128--3128
 []\T1/zi4/m/n/9 ## Loading three chromosomes of sweetpotato dataset (SNPs anch
ored to Ipomoea trifida genome)[] 

Overfull \hbox (5.26248pt too wide) in paragraph at lines 3134--3134
 []    \T1/zi4/m/n/9 x <- "https://github.com/mmollina/MAPpoly_vignettes/raw/ma
ster/data/BT/sweetpotato_chr"[] 

Overfull \hbox (2.22874pt too wide) in paragraph at lines 3137--3137
 []    \T1/zi4/m/n/9 dattemp <- read_vcf(file = tempfl, parent.1 = "PARENT1", p
arent.2 = "PARENT2", ploidy = 6)[] 
[53] [54] [55] [56] [57] [58] [59] [60] [61] [62] [63] [64]
Overfull \hbox (24.77475pt too wide) in paragraph at lines 3819--3819
 []\T1/zi4/m/n/9 fl1 = "https://raw.githubusercontent.com/mmollina/MAPpoly_vign
ettes/master/data/SolCAP_dosage"[] 

Overfull \hbox (2.27475pt too wide) in paragraph at lines 3827--3827
 []\T1/zi4/m/n/9 fl2 = "https://raw.githubusercontent.com/mmollina/MAPpoly_vign
ettes/master/data/hexafake"[] 
[65] [66]
Overfull \hbox (27.78088pt too wide) in paragraph at lines 3940--3940
 []\T1/zi4/m/n/9 ft="https://raw.githubusercontent.com/mmollina/MAPpoly_vignett
es/master/data/tetra_solcap.csv"[] 
[67] [68]
Overfull \hbox (36.78088pt too wide) in paragraph at lines 4091--4091
 []\T1/zi4/m/n/9 fh="https://raw.githubusercontent.com/mmollina/MAPpoly_vignett
es/master/data/hexafake_geno_dist"[] 
[69] [70]
Overfull \hbox (29.27475pt too wide) in paragraph at lines 4223--4223
 []\T1/zi4/m/n/9 fl = "https://github.com/mmollina/MAPpoly_vignettes/raw/master
/data/BT/sweetpotato_chr1.vcf.gz"[] 
[71]
Overfull \hbox (5.26248pt too wide) in paragraph at lines 4236--4236
 []    \T1/zi4/m/n/9 x <- "https://github.com/mmollina/MAPpoly_vignettes/raw/ma
ster/data/BT/sweetpotato_chr"[] 

Overfull \hbox (2.22874pt too wide) in paragraph at lines 4239--4239
 []    \T1/zi4/m/n/9 dattemp <- read_vcf(file = tempfl, parent.1 = "PARENT1", p
arent.2 = "PARENT2", ploidy = 6)[] 
[72] [73]
Overfull \hbox (18.05759pt too wide) in paragraph at lines 4370--4373
[]\T1/ptm/m/n/10 Transforms the re-com-bi-na-tion frac-tion list con-tained in 
an ob-ject of class \T1/zi4/m/n/10 poly.est.two.pts.pairwise
[74] [75] [76]
Overfull \hbox (27.95844pt too wide) in paragraph at lines 4559--4560
[]\T1/ptm/m/n/10 Marcelo Mol-li-nari, \T1/zi4/m/n/10 <mmollin@ncsu.edu> \T1/ptm
/m/n/10 with up-dates by Gabriel Gesteira, \T1/zi4/m/n/10 <gabrielgesteira@usp.
br> 
[77] [78] [79] [80] [81] [82]
(/usr/local/texlive/2020basic/texmf-dist/tex/latex/psnfss/ts1ptm.fd) [83]
[84] [85] [86]
No file Rd2.ind.
[87]
(/private/var/folders/hk/nrfc6swx7jl425kz_0qg46bw0000gn/T/RtmpWtrK3G/Rd2pdf3c6d
495137c/Rd2.aux) )
(see the transcript file for additional information){/usr/local/texlive/2020bas
ic/texmf-dist/fonts/enc/dvips/inconsolata/i4-ts1.enc}{/usr/local/texlive/2020ba
sic/texmf-dist/fonts/enc/dvips/base/8r.enc}{/usr/local/texlive/2020basic/texmf-
dist/fonts/enc/dvips/inconsolata/i4-t1-0.enc}</usr/local/texlive/2020basic/texm
f-dist/fonts/type1/public/inconsolata/Inconsolata-zi4r.pfb></usr/local/texlive/
2020basic/texmf-dist/fonts/type1/public/amsfonts/cm/cmmi10.pfb></usr/local/texl
ive/2020basic/texmf-dist/fonts/type1/public/amsfonts/cm/cmr10.pfb></usr/local/t
exlive/2020basic/texmf-dist/fonts/type1/public/amsfonts/cm/cmsy10.pfb></usr/loc
al/texlive/2020basic/texmf-dist/fonts/type1/urw/helvetic/uhvr8a.pfb></usr/local
/texlive/2020basic/texmf-dist/fonts/type1/urw/times/utmb8a.pfb></usr/local/texl
ive/2020basic/texmf-dist/fonts/type1/urw/times/utmr8a.pfb></usr/local/texlive/2
020basic/texmf-dist/fonts/type1/urw/times/utmr8a.pfb></usr/local/texlive/2020ba
sic/texmf-dist/fonts/type1/urw/times/utmri8a.pfb>
Output written on Rd2.pdf (87 pages, 277492 bytes).
Transcript written on Rd2.log.
This is makeindex, version 2.15 [TeX Live 2020] (kpathsea + Thai support).
Scanning input file Rd2.idx....done (113 entries accepted, 0 rejected).
Sorting entries....done (794 comparisons).
Generating output file Rd2.ind....done (163 lines written, 1 warning).
Output written in Rd2.ind.
Transcript written in Rd2.ilg.
This is pdfTeX, Version 3.14159265-2.6-1.40.21 (TeX Live 2020) (preloaded format=pdflatex)
 restricted \write18 enabled.
entering extended mode
LaTeX2e <2020-02-02> patch level 5
L3 programming layer <2020-03-06>
(./Rd2.tex
(/usr/local/texlive/2020basic/texmf-dist/tex/latex/base/book.cls
Document Class: book 2019/12/20 v1.4l Standard LaTeX document class
(/usr/local/texlive/2020basic/texmf-dist/tex/latex/base/bk10.clo))
(/Library/Frameworks/R.framework/Resources/share/texmf/tex/latex/Rd.sty
(/usr/local/texlive/2020basic/texmf-dist/tex/latex/base/ifthen.sty)
(/usr/local/texlive/2020basic/texmf-dist/tex/latex/tools/longtable.sty)
(/usr/local/texlive/2020basic/texmf-dist/tex/latex/tools/bm.sty)
(/usr/local/texlive/2020basic/texmf-dist/tex/latex/base/alltt.sty)
(/usr/local/texlive/2020basic/texmf-dist/tex/latex/tools/verbatim.sty)
(/usr/local/texlive/2020basic/texmf-dist/tex/latex/url/url.sty)
(/usr/local/texlive/2020basic/texmf-dist/tex/latex/base/textcomp.sty)
(/usr/local/texlive/2020basic/texmf-dist/tex/latex/base/fontenc.sty)
(/usr/local/texlive/2020basic/texmf-dist/tex/latex/psnfss/times.sty)
(/usr/local/texlive/2020basic/texmf-dist/tex/latex/inconsolata/zi4.sty
`inconsolata-zi4' v1.12, 2019/05/17 Text macros for Inconsolata (msharpe)
(/usr/local/texlive/2020basic/texmf-dist/tex/latex/xkeyval/xkeyval.sty
(/usr/local/texlive/2020basic/texmf-dist/tex/generic/xkeyval/xkeyval.tex
(/usr/local/texlive/2020basic/texmf-dist/tex/generic/xkeyval/xkvutils.tex
(/usr/local/texlive/2020basic/texmf-dist/tex/generic/xkeyval/keyval.tex)))))
(/usr/local/texlive/2020basic/texmf-dist/tex/latex/graphics/color.sty
(/usr/local/texlive/2020basic/texmf-dist/tex/latex/graphics-cfg/color.cfg)
(/usr/local/texlive/2020basic/texmf-dist/tex/latex/graphics-def/pdftex.def))
(/usr/local/texlive/2020basic/texmf-dist/tex/latex/hyperref/hyperref.sty
(/usr/local/texlive/2020basic/texmf-dist/tex/generic/ltxcmds/ltxcmds.sty)
(/usr/local/texlive/2020basic/texmf-dist/tex/generic/iftex/iftex.sty)
(/usr/local/texlive/2020basic/texmf-dist/tex/latex/pdftexcmds/pdftexcmds.sty
(/usr/local/texlive/2020basic/texmf-dist/tex/generic/infwarerr/infwarerr.sty))
(/usr/local/texlive/2020basic/texmf-dist/tex/generic/kvsetkeys/kvsetkeys.sty)
(/usr/local/texlive/2020basic/texmf-dist/tex/generic/kvdefinekeys/kvdefinekeys.
sty)
(/usr/local/texlive/2020basic/texmf-dist/tex/generic/pdfescape/pdfescape.sty)
(/usr/local/texlive/2020basic/texmf-dist/tex/latex/hycolor/hycolor.sty)
(/usr/local/texlive/2020basic/texmf-dist/tex/latex/letltxmacro/letltxmacro.sty)
 (/usr/local/texlive/2020basic/texmf-dist/tex/latex/auxhook/auxhook.sty)
(/usr/local/texlive/2020basic/texmf-dist/tex/latex/kvoptions/kvoptions.sty)
(/usr/local/texlive/2020basic/texmf-dist/tex/latex/hyperref/pd1enc.def)
(/usr/local/texlive/2020basic/texmf-dist/tex/generic/intcalc/intcalc.sty)
(/usr/local/texlive/2020basic/texmf-dist/tex/generic/etexcmds/etexcmds.sty)
(/usr/local/texlive/2020basic/texmf-dist/tex/generic/bitset/bitset.sty
(/usr/local/texlive/2020basic/texmf-dist/tex/generic/bigintcalc/bigintcalc.sty)
) (/usr/local/texlive/2020basic/texmf-dist/tex/generic/atbegshi/atbegshi.sty))
(/usr/local/texlive/2020basic/texmf-dist/tex/latex/hyperref/hpdftex.def
(/usr/local/texlive/2020basic/texmf-dist/tex/latex/atveryend/atveryend.sty)
(/usr/local/texlive/2020basic/texmf-dist/tex/latex/rerunfilecheck/rerunfilechec
k.sty
(/usr/local/texlive/2020basic/texmf-dist/tex/generic/uniquecounter/uniquecounte
r.sty)))

Package hyperref Warning: Option `hyperindex' has already been used,
(hyperref)                setting the option has no effect on input line 377.


Package hyperref Warning: Option `pagebackref' has already been used,
(hyperref)                setting the option has no effect on input line 377.

) (/usr/local/texlive/2020basic/texmf-dist/tex/latex/base/makeidx.sty)
(/usr/local/texlive/2020basic/texmf-dist/tex/latex/base/inputenc.sty)
Writing index file Rd2.idx

(/usr/local/texlive/2020basic/texmf-dist/tex/latex/l3backend/l3backend-pdfmode.
def)
(/private/var/folders/hk/nrfc6swx7jl425kz_0qg46bw0000gn/T/RtmpWtrK3G/Rd2pdf3c6d
495137c/Rd2.aux)
(/usr/local/texlive/2020basic/texmf-dist/tex/latex/psnfss/t1ptm.fd)
(/usr/local/texlive/2020basic/texmf-dist/tex/context/base/mkii/supp-pdf.mkii
[Loading MPS to PDF converter (version 2006.09.02).]
) (/usr/local/texlive/2020basic/texmf-dist/tex/latex/hyperref/nameref.sty
(/usr/local/texlive/2020basic/texmf-dist/tex/latex/refcount/refcount.sty)
(/usr/local/texlive/2020basic/texmf-dist/tex/generic/gettitlestring/gettitlestr
ing.sty))
(/private/var/folders/hk/nrfc6swx7jl425kz_0qg46bw0000gn/T/RtmpWtrK3G/Rd2pdf3c6d
495137c/Rd2.out)
(/private/var/folders/hk/nrfc6swx7jl425kz_0qg46bw0000gn/T/RtmpWtrK3G/Rd2pdf3c6d
495137c/Rd2.out)
(/usr/local/texlive/2020basic/texmf-dist/tex/latex/inconsolata/t1zi4.fd)
(/usr/local/texlive/2020basic/texmf-dist/tex/latex/psnfss/t1phv.fd

LaTeX Warning: Font shape declaration has incorrect series value `mc'.
               It should not contain an `m'! Please correct it.
               Found on input line 20.


LaTeX Warning: Font shape declaration has incorrect series value `mc'.
               It should not contain an `m'! Please correct it.
               Found on input line 23.


LaTeX Warning: Font shape declaration has incorrect series value `mc'.
               It should not contain an `m'! Please correct it.
               Found on input line 26.


LaTeX Warning: Font shape declaration has incorrect series value `mc'.
               It should not contain an `m'! Please correct it.
               Found on input line 46.

)
(/private/var/folders/hk/nrfc6swx7jl425kz_0qg46bw0000gn/T/RtmpWtrK3G/Rd2pdf3c6d
495137c/Rd2.toc [1{/usr/local/texlive/2020basic/texmf-var/fonts/map/pdftex/updm
ap/pdftex.map}] [2])
Overfull \hbox (38.52884pt too wide) in paragraph at lines 77--81
\T1/zi4/m/n/10 input.map\T1/ptm/m/n/10 . It is im-por-tant that \T1/zi4/m/n/10 
shared.alleles = TRUE \T1/ptm/m/n/10 in func-tion [][]\T1/zi4/m/n/10 rf_list_to
_matrix[][][]
[3] [4]
Underfull \vbox (badness 10000) has occurred while \output is active [5]
[6]
Overfull \hbox (27.95844pt too wide) in paragraph at lines 287--288
[]\T1/ptm/m/n/10 Marcelo Mol-li-nari, \T1/zi4/m/n/10 <mmollin@ncsu.edu> \T1/ptm
/m/n/10 with up-dates by Gabriel Gesteira, \T1/zi4/m/n/10 <gabrielgesteira@usp.
br> 
(/usr/local/texlive/2020basic/texmf-dist/tex/latex/inconsolata/ts1zi4.fd)
Overfull \hbox (15.72874pt too wide) in paragraph at lines 304--304
 []    \T1/zi4/m/n/9 ## load from internal file of web-stored counts (especiall
y important for high ploidy levels)[] 
[7] [8] [9] [10] [11] [12] [13]
Overfull \hbox (24.77475pt too wide) in paragraph at lines 731--731
 []\T1/zi4/m/n/9 fl1 = "https://raw.githubusercontent.com/mmollina/MAPpoly_vign
ettes/master/data/SolCAP_dosage"[] 

Overfull \hbox (2.27475pt too wide) in paragraph at lines 738--738
 []\T1/zi4/m/n/9 fl2 = "https://raw.githubusercontent.com/mmollina/MAPpoly_vign
ettes/master/data/hexafake"[] 
[14]
Overfull \hbox (80.2678pt too wide) in paragraph at lines 823--824
[]\T1/ptm/m/n/10 Marcelo Mol-li-nari, \T1/zi4/m/n/10 <mmollin@ncsu.edu>\T1/ptm/
m/n/10 , with mi-nor mod-i-fi-ca-tions by Gabriel Gesteira, \T1/zi4/m/n/10 <gab
rielgesteira@usp.br> 
[15] [16] [17] [18] [19] [20]
Overfull \hbox (38.26555pt too wide) in paragraph at lines 1190--1190
 []   \T1/zi4/m/n/9 fl = "https://github.com/mmollina/MAPpoly_vignettes/raw/mas
ter/data/BT/sweetpotato_chr1.vcf.gz"[] 
[21] [22]
Overfull \hbox (0.41885pt too wide) in paragraph at lines 1274--1276
[]\T1/ptm/m/n/10 an ob-ject of class \T1/zi4/m/n/10 two.pts.linkage.phases\T1/p
tm/m/n/10 . If not avail-able (de-fault = NULL),
[23] [24] [25] [26] [27] [28] [29] [30] [31] [32] [33] [34] [35] [36] [37]
[38] [39] [40] [41]
Overfull \hbox (20.27475pt too wide) in paragraph at lines 2460--2460
 []\T1/zi4/m/n/9 data("integrated.maplist", "screened_data3", "marker_assignmen
ts_P1","marker_assignments_P2")[] 
[42]
Underfull \vbox (badness 10000) has occurred while \output is active [43]
Underfull \vbox (badness 10000) has occurred while \output is active [44]
[45]
Overfull \hbox (3.66919pt too wide) in paragraph at lines 2678--2681
[]\T1/ptm/m/n/10 an ob-ject of class \T1/zi4/m/n/10 mappoly.rf.matrix\T1/ptm/m/
n/10 , which is a sub-set of \TS1/zi4/m/n/10 '\T1/zi4/m/n/10 input.mat\TS1/zi4/
m/n/10 '\T1/ptm/m/n/10 . See [][]\T1/zi4/m/n/10 rf_list_to_matrix[][][]
[46]
Overfull \hbox (31.0492pt too wide) in paragraph at lines 2739--2742
[]\T1/ptm/m/n/10 an ob-ject of class \T1/zi4/m/n/10 poly.est.two.pts.pairwise \
T1/ptm/m/n/10 which is a sub-set of \T1/zi4/m/n/10 input.twopt\T1/ptm/m/n/10 . 
See [][]\T1/zi4/m/n/10 est_pairwise_rf[][][]
[47]
Overfull \hbox (36.07925pt too wide) in paragraph at lines 2821--2824
[]\T1/ptm/m/n/10 an ob-ject of one of the fol-low-ing classes: \T1/zi4/m/n/10 m
appoly.data\T1/ptm/m/n/10 , \T1/zi4/m/n/10 mappoly.map\T1/ptm/m/n/10 , \T1/zi4/
m/n/10 mappoly.group\T1/ptm/m/n/10 ,

Overfull \hbox (27.17036pt too wide) in paragraph at lines 2825--2834
\T1/zi4/m/n/10 input.object \T1/ptm/m/n/10 has class \T1/zi4/m/n/10 mappoly.pcm
ap\T1/ptm/m/n/10 , \T1/zi4/m/n/10 mappoly.pcmap3d \T1/ptm/m/n/10 or \T1/zi4/m/n
/10 mappoly.unique.seq 

Overfull \hbox (14.94852pt too wide) in paragraph at lines 2837--2846
\T1/zi4/m/n/10 genomic.info = c(1,2)\T1/ptm/m/n/10 , the func-tion re-turns a s
e-quence with mark-ers that matched
[48]
Overfull \hbox (54.47804pt too wide) in paragraph at lines 2876--2877
[]\T1/ptm/m/n/10 Marcelo Mol-li-nari, \T1/zi4/m/n/10 <mmollin@ncsu.edu>\T1/ptm/
m/n/10 , with mod-i-fi-ca-tions by Gabriel Gesteira, \T1/zi4/m/n/10 <gabrielges
teira@usp.br> 
[49]
Overfull \hbox (13.83932pt too wide) in paragraph at lines 2944--2949
\T1/ptm/m/n/10 PUB-LIC LI-CENSE, Ver-sion 3, at [][]$\T1/zi4/m/n/10 https : / /
 github . com / BiomathematicsAndStatisticsScotland /
[50]
Overfull \hbox (7.49963pt too wide) in paragraph at lines 3017--3021
\T1/ptm/m/n/10 i-cal and Ap-plied Ge-net-ics_, 129(11), 2117-2132. [][]$\T1/zi4
/m/n/10 https : / / doi . org / 10 . 1007 / s00122-[]016-[]2761-[]8$[][] 
[51] [52]
Overfull \hbox (5.24408pt too wide) in paragraph at lines 3128--3128
 []\T1/zi4/m/n/9 ## Loading three chromosomes of sweetpotato dataset (SNPs anch
ored to Ipomoea trifida genome)[] 

Overfull \hbox (5.26248pt too wide) in paragraph at lines 3134--3134
 []    \T1/zi4/m/n/9 x <- "https://github.com/mmollina/MAPpoly_vignettes/raw/ma
ster/data/BT/sweetpotato_chr"[] 

Overfull \hbox (2.22874pt too wide) in paragraph at lines 3137--3137
 []    \T1/zi4/m/n/9 dattemp <- read_vcf(file = tempfl, parent.1 = "PARENT1", p
arent.2 = "PARENT2", ploidy = 6)[] 
[53] [54] [55] [56] [57] [58] [59] [60] [61] [62] [63] [64]
Overfull \hbox (24.77475pt too wide) in paragraph at lines 3819--3819
 []\T1/zi4/m/n/9 fl1 = "https://raw.githubusercontent.com/mmollina/MAPpoly_vign
ettes/master/data/SolCAP_dosage"[] 

Overfull \hbox (2.27475pt too wide) in paragraph at lines 3827--3827
 []\T1/zi4/m/n/9 fl2 = "https://raw.githubusercontent.com/mmollina/MAPpoly_vign
ettes/master/data/hexafake"[] 
[65] [66]
Overfull \hbox (27.78088pt too wide) in paragraph at lines 3940--3940
 []\T1/zi4/m/n/9 ft="https://raw.githubusercontent.com/mmollina/MAPpoly_vignett
es/master/data/tetra_solcap.csv"[] 
[67] [68]
Overfull \hbox (36.78088pt too wide) in paragraph at lines 4091--4091
 []\T1/zi4/m/n/9 fh="https://raw.githubusercontent.com/mmollina/MAPpoly_vignett
es/master/data/hexafake_geno_dist"[] 
[69] [70]
Overfull \hbox (29.27475pt too wide) in paragraph at lines 4223--4223
 []\T1/zi4/m/n/9 fl = "https://github.com/mmollina/MAPpoly_vignettes/raw/master
/data/BT/sweetpotato_chr1.vcf.gz"[] 
[71]
Overfull \hbox (5.26248pt too wide) in paragraph at lines 4236--4236
 []    \T1/zi4/m/n/9 x <- "https://github.com/mmollina/MAPpoly_vignettes/raw/ma
ster/data/BT/sweetpotato_chr"[] 

Overfull \hbox (2.22874pt too wide) in paragraph at lines 4239--4239
 []    \T1/zi4/m/n/9 dattemp <- read_vcf(file = tempfl, parent.1 = "PARENT1", p
arent.2 = "PARENT2", ploidy = 6)[] 
[72] [73]
Overfull \hbox (18.05759pt too wide) in paragraph at lines 4370--4373
[]\T1/ptm/m/n/10 Transforms the re-com-bi-na-tion frac-tion list con-tained in 
an ob-ject of class \T1/zi4/m/n/10 poly.est.two.pts.pairwise
[74] [75] [76]
Overfull \hbox (27.95844pt too wide) in paragraph at lines 4559--4560
[]\T1/ptm/m/n/10 Marcelo Mol-li-nari, \T1/zi4/m/n/10 <mmollin@ncsu.edu> \T1/ptm
/m/n/10 with up-dates by Gabriel Gesteira, \T1/zi4/m/n/10 <gabrielgesteira@usp.
br> 
[77] [78] [79] [80] [81] [82]
(/usr/local/texlive/2020basic/texmf-dist/tex/latex/psnfss/ts1ptm.fd) [83]
[84] [85] [86]
(/private/var/folders/hk/nrfc6swx7jl425kz_0qg46bw0000gn/T/RtmpWtrK3G/Rd2pdf3c6d
495137c/Rd2.ind [87]

LaTeX Font Warning: Font shape `T1/zi4/m/it' undefined
(Font)              using `T1/zi4/m/n' instead on input line 95.

[88] [89])
(/private/var/folders/hk/nrfc6swx7jl425kz_0qg46bw0000gn/T/RtmpWtrK3G/Rd2pdf3c6d
495137c/Rd2.aux)

Package rerunfilecheck Warning: File `Rd2.out' has changed.
(rerunfilecheck)                Rerun to get outlines right
(rerunfilecheck)                or use package `bookmark'.


LaTeX Font Warning: Some font shapes were not available, defaults substituted.

 )
(see the transcript file for additional information){/usr/local/texlive/2020bas
ic/texmf-dist/fonts/enc/dvips/inconsolata/i4-ts1.enc}{/usr/local/texlive/2020ba
sic/texmf-dist/fonts/enc/dvips/base/8r.enc}{/usr/local/texlive/2020basic/texmf-
dist/fonts/enc/dvips/inconsolata/i4-t1-0.enc}</usr/local/texlive/2020basic/texm
f-dist/fonts/type1/public/inconsolata/Inconsolata-zi4r.pfb></usr/local/texlive/
2020basic/texmf-dist/fonts/type1/public/amsfonts/cm/cmmi10.pfb></usr/local/texl
ive/2020basic/texmf-dist/fonts/type1/public/amsfonts/cm/cmr10.pfb></usr/local/t
exlive/2020basic/texmf-dist/fonts/type1/public/amsfonts/cm/cmsy10.pfb></usr/loc
al/texlive/2020basic/texmf-dist/fonts/type1/urw/helvetic/uhvr8a.pfb></usr/local
/texlive/2020basic/texmf-dist/fonts/type1/urw/times/utmb8a.pfb></usr/local/texl
ive/2020basic/texmf-dist/fonts/type1/urw/times/utmr8a.pfb></usr/local/texlive/2
020basic/texmf-dist/fonts/type1/urw/times/utmr8a.pfb></usr/local/texlive/2020ba
sic/texmf-dist/fonts/type1/urw/times/utmri8a.pfb>
Output written on Rd2.pdf (89 pages, 286642 bytes).
Transcript written on Rd2.log.
This is makeindex, version 2.15 [TeX Live 2020] (kpathsea + Thai support).
Scanning input file Rd2.idx....done (113 entries accepted, 0 rejected).
Sorting entries....done (794 comparisons).
Generating output file Rd2.ind....done (163 lines written, 1 warning).
Output written in Rd2.ind.
Transcript written in Rd2.ilg.
This is pdfTeX, Version 3.14159265-2.6-1.40.21 (TeX Live 2020) (preloaded format=pdflatex)
 restricted \write18 enabled.
entering extended mode
LaTeX2e <2020-02-02> patch level 5
L3 programming layer <2020-03-06>
(./Rd2.tex
(/usr/local/texlive/2020basic/texmf-dist/tex/latex/base/book.cls
Document Class: book 2019/12/20 v1.4l Standard LaTeX document class
(/usr/local/texlive/2020basic/texmf-dist/tex/latex/base/bk10.clo))
(/Library/Frameworks/R.framework/Resources/share/texmf/tex/latex/Rd.sty
(/usr/local/texlive/2020basic/texmf-dist/tex/latex/base/ifthen.sty)
(/usr/local/texlive/2020basic/texmf-dist/tex/latex/tools/longtable.sty)
(/usr/local/texlive/2020basic/texmf-dist/tex/latex/tools/bm.sty)
(/usr/local/texlive/2020basic/texmf-dist/tex/latex/base/alltt.sty)
(/usr/local/texlive/2020basic/texmf-dist/tex/latex/tools/verbatim.sty)
(/usr/local/texlive/2020basic/texmf-dist/tex/latex/url/url.sty)
(/usr/local/texlive/2020basic/texmf-dist/tex/latex/base/textcomp.sty)
(/usr/local/texlive/2020basic/texmf-dist/tex/latex/base/fontenc.sty)
(/usr/local/texlive/2020basic/texmf-dist/tex/latex/psnfss/times.sty)
(/usr/local/texlive/2020basic/texmf-dist/tex/latex/inconsolata/zi4.sty
`inconsolata-zi4' v1.12, 2019/05/17 Text macros for Inconsolata (msharpe)
(/usr/local/texlive/2020basic/texmf-dist/tex/latex/xkeyval/xkeyval.sty
(/usr/local/texlive/2020basic/texmf-dist/tex/generic/xkeyval/xkeyval.tex
(/usr/local/texlive/2020basic/texmf-dist/tex/generic/xkeyval/xkvutils.tex
(/usr/local/texlive/2020basic/texmf-dist/tex/generic/xkeyval/keyval.tex)))))
(/usr/local/texlive/2020basic/texmf-dist/tex/latex/graphics/color.sty
(/usr/local/texlive/2020basic/texmf-dist/tex/latex/graphics-cfg/color.cfg)
(/usr/local/texlive/2020basic/texmf-dist/tex/latex/graphics-def/pdftex.def))
(/usr/local/texlive/2020basic/texmf-dist/tex/latex/hyperref/hyperref.sty
(/usr/local/texlive/2020basic/texmf-dist/tex/generic/ltxcmds/ltxcmds.sty)
(/usr/local/texlive/2020basic/texmf-dist/tex/generic/iftex/iftex.sty)
(/usr/local/texlive/2020basic/texmf-dist/tex/latex/pdftexcmds/pdftexcmds.sty
(/usr/local/texlive/2020basic/texmf-dist/tex/generic/infwarerr/infwarerr.sty))
(/usr/local/texlive/2020basic/texmf-dist/tex/generic/kvsetkeys/kvsetkeys.sty)
(/usr/local/texlive/2020basic/texmf-dist/tex/generic/kvdefinekeys/kvdefinekeys.
sty)
(/usr/local/texlive/2020basic/texmf-dist/tex/generic/pdfescape/pdfescape.sty)
(/usr/local/texlive/2020basic/texmf-dist/tex/latex/hycolor/hycolor.sty)
(/usr/local/texlive/2020basic/texmf-dist/tex/latex/letltxmacro/letltxmacro.sty)
 (/usr/local/texlive/2020basic/texmf-dist/tex/latex/auxhook/auxhook.sty)
(/usr/local/texlive/2020basic/texmf-dist/tex/latex/kvoptions/kvoptions.sty)
(/usr/local/texlive/2020basic/texmf-dist/tex/latex/hyperref/pd1enc.def)
(/usr/local/texlive/2020basic/texmf-dist/tex/generic/intcalc/intcalc.sty)
(/usr/local/texlive/2020basic/texmf-dist/tex/generic/etexcmds/etexcmds.sty)
(/usr/local/texlive/2020basic/texmf-dist/tex/generic/bitset/bitset.sty
(/usr/local/texlive/2020basic/texmf-dist/tex/generic/bigintcalc/bigintcalc.sty)
) (/usr/local/texlive/2020basic/texmf-dist/tex/generic/atbegshi/atbegshi.sty))
(/usr/local/texlive/2020basic/texmf-dist/tex/latex/hyperref/hpdftex.def
(/usr/local/texlive/2020basic/texmf-dist/tex/latex/atveryend/atveryend.sty)
(/usr/local/texlive/2020basic/texmf-dist/tex/latex/rerunfilecheck/rerunfilechec
k.sty
(/usr/local/texlive/2020basic/texmf-dist/tex/generic/uniquecounter/uniquecounte
r.sty)))

Package hyperref Warning: Option `hyperindex' has already been used,
(hyperref)                setting the option has no effect on input line 377.


Package hyperref Warning: Option `pagebackref' has already been used,
(hyperref)                setting the option has no effect on input line 377.

) (/usr/local/texlive/2020basic/texmf-dist/tex/latex/base/makeidx.sty)
(/usr/local/texlive/2020basic/texmf-dist/tex/latex/base/inputenc.sty)
Writing index file Rd2.idx

(/usr/local/texlive/2020basic/texmf-dist/tex/latex/l3backend/l3backend-pdfmode.
def)
(/private/var/folders/hk/nrfc6swx7jl425kz_0qg46bw0000gn/T/RtmpWtrK3G/Rd2pdf3c6d
495137c/Rd2.aux)
(/usr/local/texlive/2020basic/texmf-dist/tex/latex/psnfss/t1ptm.fd)
(/usr/local/texlive/2020basic/texmf-dist/tex/context/base/mkii/supp-pdf.mkii
[Loading MPS to PDF converter (version 2006.09.02).]
) (/usr/local/texlive/2020basic/texmf-dist/tex/latex/hyperref/nameref.sty
(/usr/local/texlive/2020basic/texmf-dist/tex/latex/refcount/refcount.sty)
(/usr/local/texlive/2020basic/texmf-dist/tex/generic/gettitlestring/gettitlestr
ing.sty))
(/private/var/folders/hk/nrfc6swx7jl425kz_0qg46bw0000gn/T/RtmpWtrK3G/Rd2pdf3c6d
495137c/Rd2.out)
(/private/var/folders/hk/nrfc6swx7jl425kz_0qg46bw0000gn/T/RtmpWtrK3G/Rd2pdf3c6d
495137c/Rd2.out)
(/usr/local/texlive/2020basic/texmf-dist/tex/latex/inconsolata/t1zi4.fd)
(/usr/local/texlive/2020basic/texmf-dist/tex/latex/psnfss/t1phv.fd

LaTeX Warning: Font shape declaration has incorrect series value `mc'.
               It should not contain an `m'! Please correct it.
               Found on input line 20.


LaTeX Warning: Font shape declaration has incorrect series value `mc'.
               It should not contain an `m'! Please correct it.
               Found on input line 23.


LaTeX Warning: Font shape declaration has incorrect series value `mc'.
               It should not contain an `m'! Please correct it.
               Found on input line 26.


LaTeX Warning: Font shape declaration has incorrect series value `mc'.
               It should not contain an `m'! Please correct it.
               Found on input line 46.

)
(/private/var/folders/hk/nrfc6swx7jl425kz_0qg46bw0000gn/T/RtmpWtrK3G/Rd2pdf3c6d
495137c/Rd2.toc [1{/usr/local/texlive/2020basic/texmf-var/fonts/map/pdftex/updm
ap/pdftex.map}] [2])
Overfull \hbox (38.52884pt too wide) in paragraph at lines 77--81
\T1/zi4/m/n/10 input.map\T1/ptm/m/n/10 . It is im-por-tant that \T1/zi4/m/n/10 
shared.alleles = TRUE \T1/ptm/m/n/10 in func-tion [][]\T1/zi4/m/n/10 rf_list_to
_matrix[][][]
[3] [4]
Underfull \vbox (badness 10000) has occurred while \output is active [5]
[6]
Overfull \hbox (27.95844pt too wide) in paragraph at lines 287--288
[]\T1/ptm/m/n/10 Marcelo Mol-li-nari, \T1/zi4/m/n/10 <mmollin@ncsu.edu> \T1/ptm
/m/n/10 with up-dates by Gabriel Gesteira, \T1/zi4/m/n/10 <gabrielgesteira@usp.
br> 
(/usr/local/texlive/2020basic/texmf-dist/tex/latex/inconsolata/ts1zi4.fd)
Overfull \hbox (15.72874pt too wide) in paragraph at lines 304--304
 []    \T1/zi4/m/n/9 ## load from internal file of web-stored counts (especiall
y important for high ploidy levels)[] 
[7] [8] [9] [10] [11] [12] [13]
Overfull \hbox (24.77475pt too wide) in paragraph at lines 731--731
 []\T1/zi4/m/n/9 fl1 = "https://raw.githubusercontent.com/mmollina/MAPpoly_vign
ettes/master/data/SolCAP_dosage"[] 

Overfull \hbox (2.27475pt too wide) in paragraph at lines 738--738
 []\T1/zi4/m/n/9 fl2 = "https://raw.githubusercontent.com/mmollina/MAPpoly_vign
ettes/master/data/hexafake"[] 
[14]
Overfull \hbox (80.2678pt too wide) in paragraph at lines 823--824
[]\T1/ptm/m/n/10 Marcelo Mol-li-nari, \T1/zi4/m/n/10 <mmollin@ncsu.edu>\T1/ptm/
m/n/10 , with mi-nor mod-i-fi-ca-tions by Gabriel Gesteira, \T1/zi4/m/n/10 <gab
rielgesteira@usp.br> 
[15] [16] [17] [18] [19] [20]
Overfull \hbox (38.26555pt too wide) in paragraph at lines 1190--1190
 []   \T1/zi4/m/n/9 fl = "https://github.com/mmollina/MAPpoly_vignettes/raw/mas
ter/data/BT/sweetpotato_chr1.vcf.gz"[] 
[21] [22]
Overfull \hbox (0.41885pt too wide) in paragraph at lines 1274--1276
[]\T1/ptm/m/n/10 an ob-ject of class \T1/zi4/m/n/10 two.pts.linkage.phases\T1/p
tm/m/n/10 . If not avail-able (de-fault = NULL),
[23] [24] [25] [26] [27] [28] [29] [30] [31] [32] [33] [34] [35] [36] [37]
[38] [39] [40] [41]
Overfull \hbox (20.27475pt too wide) in paragraph at lines 2460--2460
 []\T1/zi4/m/n/9 data("integrated.maplist", "screened_data3", "marker_assignmen
ts_P1","marker_assignments_P2")[] 
[42]
Underfull \vbox (badness 10000) has occurred while \output is active [43]
Underfull \vbox (badness 10000) has occurred while \output is active [44]
[45]
Overfull \hbox (3.66919pt too wide) in paragraph at lines 2678--2681
[]\T1/ptm/m/n/10 an ob-ject of class \T1/zi4/m/n/10 mappoly.rf.matrix\T1/ptm/m/
n/10 , which is a sub-set of \TS1/zi4/m/n/10 '\T1/zi4/m/n/10 input.mat\TS1/zi4/
m/n/10 '\T1/ptm/m/n/10 . See [][]\T1/zi4/m/n/10 rf_list_to_matrix[][][]
[46]
Overfull \hbox (31.0492pt too wide) in paragraph at lines 2739--2742
[]\T1/ptm/m/n/10 an ob-ject of class \T1/zi4/m/n/10 poly.est.two.pts.pairwise \
T1/ptm/m/n/10 which is a sub-set of \T1/zi4/m/n/10 input.twopt\T1/ptm/m/n/10 . 
See [][]\T1/zi4/m/n/10 est_pairwise_rf[][][]
[47]
Overfull \hbox (36.07925pt too wide) in paragraph at lines 2821--2824
[]\T1/ptm/m/n/10 an ob-ject of one of the fol-low-ing classes: \T1/zi4/m/n/10 m
appoly.data\T1/ptm/m/n/10 , \T1/zi4/m/n/10 mappoly.map\T1/ptm/m/n/10 , \T1/zi4/
m/n/10 mappoly.group\T1/ptm/m/n/10 ,

Overfull \hbox (27.17036pt too wide) in paragraph at lines 2825--2834
\T1/zi4/m/n/10 input.object \T1/ptm/m/n/10 has class \T1/zi4/m/n/10 mappoly.pcm
ap\T1/ptm/m/n/10 , \T1/zi4/m/n/10 mappoly.pcmap3d \T1/ptm/m/n/10 or \T1/zi4/m/n
/10 mappoly.unique.seq 

Overfull \hbox (14.94852pt too wide) in paragraph at lines 2837--2846
\T1/zi4/m/n/10 genomic.info = c(1,2)\T1/ptm/m/n/10 , the func-tion re-turns a s
e-quence with mark-ers that matched
[48]
Overfull \hbox (54.47804pt too wide) in paragraph at lines 2876--2877
[]\T1/ptm/m/n/10 Marcelo Mol-li-nari, \T1/zi4/m/n/10 <mmollin@ncsu.edu>\T1/ptm/
m/n/10 , with mod-i-fi-ca-tions by Gabriel Gesteira, \T1/zi4/m/n/10 <gabrielges
teira@usp.br> 
[49]
Overfull \hbox (13.83932pt too wide) in paragraph at lines 2944--2949
\T1/ptm/m/n/10 PUB-LIC LI-CENSE, Ver-sion 3, at [][]$\T1/zi4/m/n/10 https : / /
 github . com / BiomathematicsAndStatisticsScotland /
[50]
Overfull \hbox (7.49963pt too wide) in paragraph at lines 3017--3021
\T1/ptm/m/n/10 i-cal and Ap-plied Ge-net-ics_, 129(11), 2117-2132. [][]$\T1/zi4
/m/n/10 https : / / doi . org / 10 . 1007 / s00122-[]016-[]2761-[]8$[][] 
[51] [52]
Overfull \hbox (5.24408pt too wide) in paragraph at lines 3128--3128
 []\T1/zi4/m/n/9 ## Loading three chromosomes of sweetpotato dataset (SNPs anch
ored to Ipomoea trifida genome)[] 

Overfull \hbox (5.26248pt too wide) in paragraph at lines 3134--3134
 []    \T1/zi4/m/n/9 x <- "https://github.com/mmollina/MAPpoly_vignettes/raw/ma
ster/data/BT/sweetpotato_chr"[] 

Overfull \hbox (2.22874pt too wide) in paragraph at lines 3137--3137
 []    \T1/zi4/m/n/9 dattemp <- read_vcf(file = tempfl, parent.1 = "PARENT1", p
arent.2 = "PARENT2", ploidy = 6)[] 
[53] [54] [55] [56] [57] [58] [59] [60] [61] [62] [63] [64]
Overfull \hbox (24.77475pt too wide) in paragraph at lines 3819--3819
 []\T1/zi4/m/n/9 fl1 = "https://raw.githubusercontent.com/mmollina/MAPpoly_vign
ettes/master/data/SolCAP_dosage"[] 

Overfull \hbox (2.27475pt too wide) in paragraph at lines 3827--3827
 []\T1/zi4/m/n/9 fl2 = "https://raw.githubusercontent.com/mmollina/MAPpoly_vign
ettes/master/data/hexafake"[] 
[65] [66]
Overfull \hbox (27.78088pt too wide) in paragraph at lines 3940--3940
 []\T1/zi4/m/n/9 ft="https://raw.githubusercontent.com/mmollina/MAPpoly_vignett
es/master/data/tetra_solcap.csv"[] 
[67] [68]
Overfull \hbox (36.78088pt too wide) in paragraph at lines 4091--4091
 []\T1/zi4/m/n/9 fh="https://raw.githubusercontent.com/mmollina/MAPpoly_vignett
es/master/data/hexafake_geno_dist"[] 
[69] [70]
Overfull \hbox (29.27475pt too wide) in paragraph at lines 4223--4223
 []\T1/zi4/m/n/9 fl = "https://github.com/mmollina/MAPpoly_vignettes/raw/master
/data/BT/sweetpotato_chr1.vcf.gz"[] 
[71]
Overfull \hbox (5.26248pt too wide) in paragraph at lines 4236--4236
 []    \T1/zi4/m/n/9 x <- "https://github.com/mmollina/MAPpoly_vignettes/raw/ma
ster/data/BT/sweetpotato_chr"[] 

Overfull \hbox (2.22874pt too wide) in paragraph at lines 4239--4239
 []    \T1/zi4/m/n/9 dattemp <- read_vcf(file = tempfl, parent.1 = "PARENT1", p
arent.2 = "PARENT2", ploidy = 6)[] 
[72] [73]
Overfull \hbox (18.05759pt too wide) in paragraph at lines 4370--4373
[]\T1/ptm/m/n/10 Transforms the re-com-bi-na-tion frac-tion list con-tained in 
an ob-ject of class \T1/zi4/m/n/10 poly.est.two.pts.pairwise
[74] [75] [76]
Overfull \hbox (27.95844pt too wide) in paragraph at lines 4559--4560
[]\T1/ptm/m/n/10 Marcelo Mol-li-nari, \T1/zi4/m/n/10 <mmollin@ncsu.edu> \T1/ptm
/m/n/10 with up-dates by Gabriel Gesteira, \T1/zi4/m/n/10 <gabrielgesteira@usp.
br> 
[77] [78] [79] [80] [81] [82]
(/usr/local/texlive/2020basic/texmf-dist/tex/latex/psnfss/ts1ptm.fd) [83]
[84] [85] [86]
(/private/var/folders/hk/nrfc6swx7jl425kz_0qg46bw0000gn/T/RtmpWtrK3G/Rd2pdf3c6d
495137c/Rd2.ind [87]

LaTeX Font Warning: Font shape `T1/zi4/m/it' undefined
(Font)              using `T1/zi4/m/n' instead on input line 95.

[88] [89])
(/private/var/folders/hk/nrfc6swx7jl425kz_0qg46bw0000gn/T/RtmpWtrK3G/Rd2pdf3c6d
495137c/Rd2.aux)

LaTeX Font Warning: Some font shapes were not available, defaults substituted.

 )
(see the transcript file for additional information){/usr/local/texlive/2020bas
ic/texmf-dist/fonts/enc/dvips/inconsolata/i4-ts1.enc}{/usr/local/texlive/2020ba
sic/texmf-dist/fonts/enc/dvips/base/8r.enc}{/usr/local/texlive/2020basic/texmf-
dist/fonts/enc/dvips/inconsolata/i4-t1-0.enc}</usr/local/texlive/2020basic/texm
f-dist/fonts/type1/public/inconsolata/Inconsolata-zi4r.pfb></usr/local/texlive/
2020basic/texmf-dist/fonts/type1/public/amsfonts/cm/cmmi10.pfb></usr/local/texl
ive/2020basic/texmf-dist/fonts/type1/public/amsfonts/cm/cmr10.pfb></usr/local/t
exlive/2020basic/texmf-dist/fonts/type1/public/amsfonts/cm/cmsy10.pfb></usr/loc
al/texlive/2020basic/texmf-dist/fonts/type1/urw/helvetic/uhvr8a.pfb></usr/local
/texlive/2020basic/texmf-dist/fonts/type1/urw/times/utmb8a.pfb></usr/local/texl
ive/2020basic/texmf-dist/fonts/type1/urw/times/utmr8a.pfb></usr/local/texlive/2
020basic/texmf-dist/fonts/type1/urw/times/utmr8a.pfb></usr/local/texlive/2020ba
sic/texmf-dist/fonts/type1/urw/times/utmri8a.pfb>
Output written on Rd2.pdf (89 pages, 287744 bytes).
Transcript written on Rd2.log.
This is makeindex, version 2.15 [TeX Live 2020] (kpathsea + Thai support).
Scanning input file Rd2.idx....done (113 entries accepted, 0 rejected).
Sorting entries....done (792 comparisons).
Generating output file Rd2.ind....done (164 lines written, 1 warning).
Output written in Rd2.ind.
Transcript written in Rd2.ilg.
This is pdfTeX, Version 3.14159265-2.6-1.40.21 (TeX Live 2020) (preloaded format=pdflatex)
 restricted \write18 enabled.
entering extended mode
LaTeX2e <2020-02-02> patch level 5
L3 programming layer <2020-03-06>
(./Rd2.tex
(/usr/local/texlive/2020basic/texmf-dist/tex/latex/base/book.cls
Document Class: book 2019/12/20 v1.4l Standard LaTeX document class
(/usr/local/texlive/2020basic/texmf-dist/tex/latex/base/bk10.clo))
(/Library/Frameworks/R.framework/Resources/share/texmf/tex/latex/Rd.sty
(/usr/local/texlive/2020basic/texmf-dist/tex/latex/base/ifthen.sty)
(/usr/local/texlive/2020basic/texmf-dist/tex/latex/tools/longtable.sty)
(/usr/local/texlive/2020basic/texmf-dist/tex/latex/tools/bm.sty)
(/usr/local/texlive/2020basic/texmf-dist/tex/latex/base/alltt.sty)
(/usr/local/texlive/2020basic/texmf-dist/tex/latex/tools/verbatim.sty)
(/usr/local/texlive/2020basic/texmf-dist/tex/latex/url/url.sty)
(/usr/local/texlive/2020basic/texmf-dist/tex/latex/base/textcomp.sty)
(/usr/local/texlive/2020basic/texmf-dist/tex/latex/base/fontenc.sty)
(/usr/local/texlive/2020basic/texmf-dist/tex/latex/psnfss/times.sty)
(/usr/local/texlive/2020basic/texmf-dist/tex/latex/inconsolata/zi4.sty
`inconsolata-zi4' v1.12, 2019/05/17 Text macros for Inconsolata (msharpe)
(/usr/local/texlive/2020basic/texmf-dist/tex/latex/xkeyval/xkeyval.sty
(/usr/local/texlive/2020basic/texmf-dist/tex/generic/xkeyval/xkeyval.tex
(/usr/local/texlive/2020basic/texmf-dist/tex/generic/xkeyval/xkvutils.tex
(/usr/local/texlive/2020basic/texmf-dist/tex/generic/xkeyval/keyval.tex)))))
(/usr/local/texlive/2020basic/texmf-dist/tex/latex/graphics/color.sty
(/usr/local/texlive/2020basic/texmf-dist/tex/latex/graphics-cfg/color.cfg)
(/usr/local/texlive/2020basic/texmf-dist/tex/latex/graphics-def/pdftex.def))
(/usr/local/texlive/2020basic/texmf-dist/tex/latex/hyperref/hyperref.sty
(/usr/local/texlive/2020basic/texmf-dist/tex/generic/ltxcmds/ltxcmds.sty)
(/usr/local/texlive/2020basic/texmf-dist/tex/generic/iftex/iftex.sty)
(/usr/local/texlive/2020basic/texmf-dist/tex/latex/pdftexcmds/pdftexcmds.sty
(/usr/local/texlive/2020basic/texmf-dist/tex/generic/infwarerr/infwarerr.sty))
(/usr/local/texlive/2020basic/texmf-dist/tex/generic/kvsetkeys/kvsetkeys.sty)
(/usr/local/texlive/2020basic/texmf-dist/tex/generic/kvdefinekeys/kvdefinekeys.
sty)
(/usr/local/texlive/2020basic/texmf-dist/tex/generic/pdfescape/pdfescape.sty)
(/usr/local/texlive/2020basic/texmf-dist/tex/latex/hycolor/hycolor.sty)
(/usr/local/texlive/2020basic/texmf-dist/tex/latex/letltxmacro/letltxmacro.sty)
 (/usr/local/texlive/2020basic/texmf-dist/tex/latex/auxhook/auxhook.sty)
(/usr/local/texlive/2020basic/texmf-dist/tex/latex/kvoptions/kvoptions.sty)
(/usr/local/texlive/2020basic/texmf-dist/tex/latex/hyperref/pd1enc.def)
(/usr/local/texlive/2020basic/texmf-dist/tex/generic/intcalc/intcalc.sty)
(/usr/local/texlive/2020basic/texmf-dist/tex/generic/etexcmds/etexcmds.sty)
(/usr/local/texlive/2020basic/texmf-dist/tex/generic/bitset/bitset.sty
(/usr/local/texlive/2020basic/texmf-dist/tex/generic/bigintcalc/bigintcalc.sty)
) (/usr/local/texlive/2020basic/texmf-dist/tex/generic/atbegshi/atbegshi.sty))
(/usr/local/texlive/2020basic/texmf-dist/tex/latex/hyperref/hpdftex.def
(/usr/local/texlive/2020basic/texmf-dist/tex/latex/atveryend/atveryend.sty)
(/usr/local/texlive/2020basic/texmf-dist/tex/latex/rerunfilecheck/rerunfilechec
k.sty
(/usr/local/texlive/2020basic/texmf-dist/tex/generic/uniquecounter/uniquecounte
r.sty)))

Package hyperref Warning: Option `hyperindex' has already been used,
(hyperref)                setting the option has no effect on input line 377.


Package hyperref Warning: Option `pagebackref' has already been used,
(hyperref)                setting the option has no effect on input line 377.

) (/usr/local/texlive/2020basic/texmf-dist/tex/latex/base/makeidx.sty)
(/usr/local/texlive/2020basic/texmf-dist/tex/latex/base/inputenc.sty)
Writing index file Rd2.idx

(/usr/local/texlive/2020basic/texmf-dist/tex/latex/l3backend/l3backend-pdfmode.
def)
(/private/var/folders/hk/nrfc6swx7jl425kz_0qg46bw0000gn/T/RtmpWtrK3G/Rd2pdf3c6d
495137c/Rd2.aux)
(/usr/local/texlive/2020basic/texmf-dist/tex/latex/psnfss/t1ptm.fd)
(/usr/local/texlive/2020basic/texmf-dist/tex/context/base/mkii/supp-pdf.mkii
[Loading MPS to PDF converter (version 2006.09.02).]
) (/usr/local/texlive/2020basic/texmf-dist/tex/latex/hyperref/nameref.sty
(/usr/local/texlive/2020basic/texmf-dist/tex/latex/refcount/refcount.sty)
(/usr/local/texlive/2020basic/texmf-dist/tex/generic/gettitlestring/gettitlestr
ing.sty))
(/private/var/folders/hk/nrfc6swx7jl425kz_0qg46bw0000gn/T/RtmpWtrK3G/Rd2pdf3c6d
495137c/Rd2.out)
(/private/var/folders/hk/nrfc6swx7jl425kz_0qg46bw0000gn/T/RtmpWtrK3G/Rd2pdf3c6d
495137c/Rd2.out)
(/usr/local/texlive/2020basic/texmf-dist/tex/latex/inconsolata/t1zi4.fd)
(/usr/local/texlive/2020basic/texmf-dist/tex/latex/psnfss/t1phv.fd

LaTeX Warning: Font shape declaration has incorrect series value `mc'.
               It should not contain an `m'! Please correct it.
               Found on input line 20.


LaTeX Warning: Font shape declaration has incorrect series value `mc'.
               It should not contain an `m'! Please correct it.
               Found on input line 23.


LaTeX Warning: Font shape declaration has incorrect series value `mc'.
               It should not contain an `m'! Please correct it.
               Found on input line 26.


LaTeX Warning: Font shape declaration has incorrect series value `mc'.
               It should not contain an `m'! Please correct it.
               Found on input line 46.

)
(/private/var/folders/hk/nrfc6swx7jl425kz_0qg46bw0000gn/T/RtmpWtrK3G/Rd2pdf3c6d
495137c/Rd2.toc [1{/usr/local/texlive/2020basic/texmf-var/fonts/map/pdftex/updm
ap/pdftex.map}] [2])
Overfull \hbox (38.52884pt too wide) in paragraph at lines 77--81
\T1/zi4/m/n/10 input.map\T1/ptm/m/n/10 . It is im-por-tant that \T1/zi4/m/n/10 
shared.alleles = TRUE \T1/ptm/m/n/10 in func-tion [][]\T1/zi4/m/n/10 rf_list_to
_matrix[][][]
[3] [4]
Underfull \vbox (badness 10000) has occurred while \output is active [5]
[6]
Overfull \hbox (27.95844pt too wide) in paragraph at lines 287--288
[]\T1/ptm/m/n/10 Marcelo Mol-li-nari, \T1/zi4/m/n/10 <mmollin@ncsu.edu> \T1/ptm
/m/n/10 with up-dates by Gabriel Gesteira, \T1/zi4/m/n/10 <gabrielgesteira@usp.
br> 
(/usr/local/texlive/2020basic/texmf-dist/tex/latex/inconsolata/ts1zi4.fd)
Overfull \hbox (15.72874pt too wide) in paragraph at lines 304--304
 []    \T1/zi4/m/n/9 ## load from internal file of web-stored counts (especiall
y important for high ploidy levels)[] 
[7] [8] [9] [10] [11] [12] [13]
Overfull \hbox (24.77475pt too wide) in paragraph at lines 731--731
 []\T1/zi4/m/n/9 fl1 = "https://raw.githubusercontent.com/mmollina/MAPpoly_vign
ettes/master/data/SolCAP_dosage"[] 

Overfull \hbox (2.27475pt too wide) in paragraph at lines 738--738
 []\T1/zi4/m/n/9 fl2 = "https://raw.githubusercontent.com/mmollina/MAPpoly_vign
ettes/master/data/hexafake"[] 
[14]
Overfull \hbox (80.2678pt too wide) in paragraph at lines 823--824
[]\T1/ptm/m/n/10 Marcelo Mol-li-nari, \T1/zi4/m/n/10 <mmollin@ncsu.edu>\T1/ptm/
m/n/10 , with mi-nor mod-i-fi-ca-tions by Gabriel Gesteira, \T1/zi4/m/n/10 <gab
rielgesteira@usp.br> 
[15] [16] [17] [18] [19] [20]
Overfull \hbox (38.26555pt too wide) in paragraph at lines 1190--1190
 []   \T1/zi4/m/n/9 fl = "https://github.com/mmollina/MAPpoly_vignettes/raw/mas
ter/data/BT/sweetpotato_chr1.vcf.gz"[] 
[21] [22]
Overfull \hbox (0.41885pt too wide) in paragraph at lines 1274--1276
[]\T1/ptm/m/n/10 an ob-ject of class \T1/zi4/m/n/10 two.pts.linkage.phases\T1/p
tm/m/n/10 . If not avail-able (de-fault = NULL),
[23] [24] [25] [26] [27] [28] [29] [30] [31] [32] [33] [34] [35] [36] [37]
[38] [39] [40] [41]
Overfull \hbox (20.27475pt too wide) in paragraph at lines 2460--2460
 []\T1/zi4/m/n/9 data("integrated.maplist", "screened_data3", "marker_assignmen
ts_P1","marker_assignments_P2")[] 
[42]
Underfull \vbox (badness 10000) has occurred while \output is active [43]
Underfull \vbox (badness 10000) has occurred while \output is active [44]
[45]
Overfull \hbox (3.66919pt too wide) in paragraph at lines 2678--2681
[]\T1/ptm/m/n/10 an ob-ject of class \T1/zi4/m/n/10 mappoly.rf.matrix\T1/ptm/m/
n/10 , which is a sub-set of \TS1/zi4/m/n/10 '\T1/zi4/m/n/10 input.mat\TS1/zi4/
m/n/10 '\T1/ptm/m/n/10 . See [][]\T1/zi4/m/n/10 rf_list_to_matrix[][][]
[46]
Overfull \hbox (31.0492pt too wide) in paragraph at lines 2739--2742
[]\T1/ptm/m/n/10 an ob-ject of class \T1/zi4/m/n/10 poly.est.two.pts.pairwise \
T1/ptm/m/n/10 which is a sub-set of \T1/zi4/m/n/10 input.twopt\T1/ptm/m/n/10 . 
See [][]\T1/zi4/m/n/10 est_pairwise_rf[][][]
[47]
Overfull \hbox (36.07925pt too wide) in paragraph at lines 2821--2824
[]\T1/ptm/m/n/10 an ob-ject of one of the fol-low-ing classes: \T1/zi4/m/n/10 m
appoly.data\T1/ptm/m/n/10 , \T1/zi4/m/n/10 mappoly.map\T1/ptm/m/n/10 , \T1/zi4/
m/n/10 mappoly.group\T1/ptm/m/n/10 ,

Overfull \hbox (27.17036pt too wide) in paragraph at lines 2825--2834
\T1/zi4/m/n/10 input.object \T1/ptm/m/n/10 has class \T1/zi4/m/n/10 mappoly.pcm
ap\T1/ptm/m/n/10 , \T1/zi4/m/n/10 mappoly.pcmap3d \T1/ptm/m/n/10 or \T1/zi4/m/n
/10 mappoly.unique.seq 

Overfull \hbox (14.94852pt too wide) in paragraph at lines 2837--2846
\T1/zi4/m/n/10 genomic.info = c(1,2)\T1/ptm/m/n/10 , the func-tion re-turns a s
e-quence with mark-ers that matched
[48]
Overfull \hbox (54.47804pt too wide) in paragraph at lines 2876--2877
[]\T1/ptm/m/n/10 Marcelo Mol-li-nari, \T1/zi4/m/n/10 <mmollin@ncsu.edu>\T1/ptm/
m/n/10 , with mod-i-fi-ca-tions by Gabriel Gesteira, \T1/zi4/m/n/10 <gabrielges
teira@usp.br> 
[49]
Overfull \hbox (13.83932pt too wide) in paragraph at lines 2944--2949
\T1/ptm/m/n/10 PUB-LIC LI-CENSE, Ver-sion 3, at [][]$\T1/zi4/m/n/10 https : / /
 github . com / BiomathematicsAndStatisticsScotland /
[50]
Overfull \hbox (7.49963pt too wide) in paragraph at lines 3017--3021
\T1/ptm/m/n/10 i-cal and Ap-plied Ge-net-ics_, 129(11), 2117-2132. [][]$\T1/zi4
/m/n/10 https : / / doi . org / 10 . 1007 / s00122-[]016-[]2761-[]8$[][] 
[51] [52]
Overfull \hbox (5.24408pt too wide) in paragraph at lines 3128--3128
 []\T1/zi4/m/n/9 ## Loading three chromosomes of sweetpotato dataset (SNPs anch
ored to Ipomoea trifida genome)[] 

Overfull \hbox (5.26248pt too wide) in paragraph at lines 3134--3134
 []    \T1/zi4/m/n/9 x <- "https://github.com/mmollina/MAPpoly_vignettes/raw/ma
ster/data/BT/sweetpotato_chr"[] 

Overfull \hbox (2.22874pt too wide) in paragraph at lines 3137--3137
 []    \T1/zi4/m/n/9 dattemp <- read_vcf(file = tempfl, parent.1 = "PARENT1", p
arent.2 = "PARENT2", ploidy = 6)[] 
[53] [54] [55] [56] [57] [58] [59] [60] [61] [62] [63] [64]
Overfull \hbox (24.77475pt too wide) in paragraph at lines 3819--3819
 []\T1/zi4/m/n/9 fl1 = "https://raw.githubusercontent.com/mmollina/MAPpoly_vign
ettes/master/data/SolCAP_dosage"[] 

Overfull \hbox (2.27475pt too wide) in paragraph at lines 3827--3827
 []\T1/zi4/m/n/9 fl2 = "https://raw.githubusercontent.com/mmollina/MAPpoly_vign
ettes/master/data/hexafake"[] 
[65] [66]
Overfull \hbox (27.78088pt too wide) in paragraph at lines 3940--3940
 []\T1/zi4/m/n/9 ft="https://raw.githubusercontent.com/mmollina/MAPpoly_vignett
es/master/data/tetra_solcap.csv"[] 
[67] [68]
Overfull \hbox (36.78088pt too wide) in paragraph at lines 4091--4091
 []\T1/zi4/m/n/9 fh="https://raw.githubusercontent.com/mmollina/MAPpoly_vignett
es/master/data/hexafake_geno_dist"[] 
[69] [70]
Overfull \hbox (29.27475pt too wide) in paragraph at lines 4223--4223
 []\T1/zi4/m/n/9 fl = "https://github.com/mmollina/MAPpoly_vignettes/raw/master
/data/BT/sweetpotato_chr1.vcf.gz"[] 
[71]
Overfull \hbox (5.26248pt too wide) in paragraph at lines 4236--4236
 []    \T1/zi4/m/n/9 x <- "https://github.com/mmollina/MAPpoly_vignettes/raw/ma
ster/data/BT/sweetpotato_chr"[] 

Overfull \hbox (2.22874pt too wide) in paragraph at lines 4239--4239
 []    \T1/zi4/m/n/9 dattemp <- read_vcf(file = tempfl, parent.1 = "PARENT1", p
arent.2 = "PARENT2", ploidy = 6)[] 
[72] [73]
Overfull \hbox (18.05759pt too wide) in paragraph at lines 4370--4373
[]\T1/ptm/m/n/10 Transforms the re-com-bi-na-tion frac-tion list con-tained in 
an ob-ject of class \T1/zi4/m/n/10 poly.est.two.pts.pairwise
[74] [75] [76]
Overfull \hbox (27.95844pt too wide) in paragraph at lines 4559--4560
[]\T1/ptm/m/n/10 Marcelo Mol-li-nari, \T1/zi4/m/n/10 <mmollin@ncsu.edu> \T1/ptm
/m/n/10 with up-dates by Gabriel Gesteira, \T1/zi4/m/n/10 <gabrielgesteira@usp.
br> 
[77] [78] [79] [80] [81] [82]
(/usr/local/texlive/2020basic/texmf-dist/tex/latex/psnfss/ts1ptm.fd) [83]
[84] [85] [86]
(/private/var/folders/hk/nrfc6swx7jl425kz_0qg46bw0000gn/T/RtmpWtrK3G/Rd2pdf3c6d
495137c/Rd2.ind [87]

LaTeX Font Warning: Font shape `T1/zi4/m/it' undefined
(Font)              using `T1/zi4/m/n' instead on input line 95.

[88] [89])
(/private/var/folders/hk/nrfc6swx7jl425kz_0qg46bw0000gn/T/RtmpWtrK3G/Rd2pdf3c6d
495137c/Rd2.aux)

LaTeX Font Warning: Some font shapes were not available, defaults substituted.

 )
(see the transcript file for additional information){/usr/local/texlive/2020bas
ic/texmf-dist/fonts/enc/dvips/inconsolata/i4-ts1.enc}{/usr/local/texlive/2020ba
sic/texmf-dist/fonts/enc/dvips/base/8r.enc}{/usr/local/texlive/2020basic/texmf-
dist/fonts/enc/dvips/inconsolata/i4-t1-0.enc}</usr/local/texlive/2020basic/texm
f-dist/fonts/type1/public/inconsolata/Inconsolata-zi4r.pfb></usr/local/texlive/
2020basic/texmf-dist/fonts/type1/public/amsfonts/cm/cmmi10.pfb></usr/local/texl
ive/2020basic/texmf-dist/fonts/type1/public/amsfonts/cm/cmr10.pfb></usr/local/t
exlive/2020basic/texmf-dist/fonts/type1/public/amsfonts/cm/cmsy10.pfb></usr/loc
al/texlive/2020basic/texmf-dist/fonts/type1/urw/helvetic/uhvr8a.pfb></usr/local
/texlive/2020basic/texmf-dist/fonts/type1/urw/times/utmb8a.pfb></usr/local/texl
ive/2020basic/texmf-dist/fonts/type1/urw/times/utmr8a.pfb></usr/local/texlive/2
020basic/texmf-dist/fonts/type1/urw/times/utmr8a.pfb></usr/local/texlive/2020ba
sic/texmf-dist/fonts/type1/urw/times/utmri8a.pfb>
Output written on Rd2.pdf (89 pages, 287788 bytes).
Transcript written on Rd2.log.
Saving output to mappoly-manual.pdf ...
Done
You may want to clean up by 'rm -Rf /var/folders/hk/nrfc6swx7jl425kz_0qg46bw0000gn/T//RtmpWtrK3G/Rd2pdf3c6d495137c'
